2016-02-01T01:59:17.402	INFO	Build started
2016-02-01T01:59:17.415	INFO	BuildRuleStarted(//:res)
2016-02-01T01:59:17.415	INFO	BuildRuleStarted(//:jar)
2016-02-01T01:59:17.415	INFO	BuildRuleStarted(//:jar#abi)
2016-02-01T01:59:17.415	INFO	BuildRuleStarted(//:debug_keystore)
2016-02-01T01:59:17.416	INFO	BuildRuleSuspended(//:debug_keystore)
2016-02-01T01:59:17.417	INFO	BuildRuleSuspended(//:jar#abi)
2016-02-01T01:59:17.418	INFO	BuildRuleSuspended(//:jar)
2016-02-01T01:59:17.419	INFO	BuildRuleStarted(//:jar#dex)
2016-02-01T01:59:17.420	INFO	BuildRuleSuspended(//:jar#dex)
2016-02-01T01:59:17.422	INFO	BuildRuleSuspended(//:res)
2016-02-01T01:59:17.422	INFO	BuildRuleStarted(//:app#aapt_package)
2016-02-01T01:59:17.422	INFO	BuildRuleStarted(//:activity#dummy_r_dot_java)
2016-02-01T01:59:17.423	INFO	BuildRuleSuspended(//:activity#dummy_r_dot_java)
2016-02-01T01:59:17.423	INFO	BuildRuleStarted(//:activity#abi,dummy_r_dot_java)
2016-02-01T01:59:17.423	INFO	BuildRuleSuspended(//:app#aapt_package)
2016-02-01T01:59:17.424	INFO	BuildRuleSuspended(//:activity#abi,dummy_r_dot_java)
2016-02-01T01:59:17.424	INFO	BuildRuleStarted(//:activity)
2016-02-01T01:59:17.426	INFO	BuildRuleSuspended(//:activity)
2016-02-01T01:59:17.426	INFO	BuildRuleStarted(//:activity#dex)
2016-02-01T01:59:17.427	INFO	BuildRuleSuspended(//:activity#dex)
2016-02-01T01:59:17.427	INFO	BuildRuleStarted(//:app#dex_merge)
2016-02-01T01:59:17.427	INFO	BuildRuleSuspended(//:app#dex_merge)
2016-02-01T01:59:17.427	INFO	BuildRuleStarted(//:app)
2016-02-01T01:59:17.429	INFO	BuildRuleSuspended(//:app)
2016-02-01T01:59:17.429	INFO	BuildRuleResumed(//:app)
2016-02-01T01:59:17.430	INFO	BuildRuleFinished(//:app): SUCCESS LOCAL_KEY_UNCHANGED_HIT MATCHING_RULE_KEY e518fc5178b5e05b76a22192430edf3eafb74fd0
2016-02-01T01:59:17.430	INFO	Build finished
