[2016-02-01 10:30:00.477][debug][command:024358f0-4ece-458c-aa58-e4b89fc12d7a][tid:75][com.facebook.buck.cli.Main] Starting up (build date 1970-01-01 07:59:59 +0800, rev b7a7b9a85fa5c5dd2ff9ef062bb96b45e92b4448), args: [build, app]
[2016-02-01 10:30:00.479][debug][command:024358f0-4ece-458c-aa58-e4b89fc12d7a][tid:75][com.facebook.buck.cli.Main] System properties: {java.vendor=Oracle Corporation, sun.java.launcher=SUN_STANDARD, sun.management.compiler=HotSpot 64-Bit Tiered Compilers, jnidispatch.path=/Users/apple/Documents/MyApp/MyDemo/.buckd/tmp/buck_run.L8lgzt/jna-93029210/jna7215162226275079953.tmp, os.name=Mac OS X, buck.enable_objc=true, sun.boot.class.path=/Library/Java/JavaVirtualMachines/jdk1.8.0_31.jdk/Contents/Home/jre/lib/resources.jar:/Library/Java/JavaVirtualMachines/jdk1.8.0_31.jdk/Contents/Home/jre/lib/rt.jar:/Library/Java/JavaVirtualMachines/jdk1.8.0_31.jdk/Contents/Home/jre/lib/sunrsasign.jar:/Library/Java/JavaVirtualMachines/jdk1.8.0_31.jdk/Contents/Home/jre/lib/jsse.jar:/Library/Java/JavaVirtualMachines/jdk1.8.0_31.jdk/Contents/Home/jre/lib/jce.jar:/Library/Java/JavaVirtualMachines/jdk1.8.0_31.jdk/Contents/Home/jre/lib/charsets.jar:/Library/Java/JavaVirtualMachines/jdk1.8.0_31.jdk/Contents/Home/jre/lib/jfr.jar:/Library/Java/JavaVirtualMachines/jdk1.8.0_31.jdk/Contents/Home/jre/classes, java.vm.specification.vendor=Oracle Corporation, java.runtime.version=1.8.0_31-b13, buck.path_to_intellij_py=/Users/apple/Documents/MyApp/MyDemo/.buckd/resources/b7a7b9a85fa5c5dd2ff9ef062bb96b45e92b4448/path_to_intellij_py, jna.loaded=true, buck.testrunner_classes=/Users/apple/Documents/MyApp/MyDemo/.buckd/resources/b7a7b9a85fa5c5dd2ff9ef062bb96b45e92b4448/testrunner_classes, buck.logging_config_file=/Users/apple/Documents/MyApp/MyDemo/.buckd/resources/b7a7b9a85fa5c5dd2ff9ef062bb96b45e92b4448/logging_config_file, buck.path_to_sh_binary_template=/Users/apple/Documents/MyApp/MyDemo/.buckd/resources/b7a7b9a85fa5c5dd2ff9ef062bb96b45e92b4448/path_to_sh_binary_template, user.name=apple, buck.path_to_pywatchman=/Users/apple/Documents/MyApp/MyDemo/.buckd/resources/b7a7b9a85fa5c5dd2ff9ef062bb96b45e92b4448/path_to_pywatchman, buck.report_generator_jar=/Users/apple/Documents/MyApp/MyDemo/.buckd/resources/b7a7b9a85fa5c5dd2ff9ef062bb96b45e92b4448/report_generator_jar, buck.git_commit=b7a7b9a85fa5c5dd2ff9ef062bb96b45e92b4448, user.language=zh, sun.boot.library.path=/Library/Java/JavaVirtualMachines/jdk1.8.0_31.jdk/Contents/Home/jre/lib, java.version=1.8.0_31, user.timezone=Asia/Chongqing, buck.test_util_no_tests_dir=true, sun.arch.data.model=64, http.nonProxyHosts=local|*.local|169.254/16|*.169.254/16, java.endorsed.dirs=/Library/Java/JavaVirtualMachines/jdk1.8.0_31.jdk/Contents/Home/jre/lib/endorsed, sun.cpu.isalist=, sun.jnu.encoding=UTF-8, file.encoding.pkg=sun.io, file.separator=/, java.specification.name=Java Platform API Specification, buck.jacoco_agent_jar=/Users/apple/Documents/MyApp/MyDemo/.buckd/resources/b7a7b9a85fa5c5dd2ff9ef062bb96b45e92b4448/jacoco_agent_jar, java.class.version=52.0, user.country=CN, java.home=/Library/Java/JavaVirtualMachines/jdk1.8.0_31.jdk/Contents/Home/jre, java.vm.info=mixed mode, os.version=10.11.2, buck.version_uid=b7a7b9a85fa5c5dd2ff9ef062bb96b45e92b4448, org.eclipse.jetty.util.log.class=org.eclipse.jetty.util.log.JavaUtilLog, path.separator=:, java.vm.version=25.31-b07, java.awt.printerjob=sun.lwawt.macosx.CPrinterJob, sun.io.unicode.encoding=UnicodeBig, awt.toolkit=sun.lwawt.macosx.LWCToolkit, socksNonProxyHosts=local|*.local|169.254/16|*.169.254/16, ftp.nonProxyHosts=local|*.local|169.254/16|*.169.254/16, buck.dx=/Users/apple/Documents/MyApp/MyDemo/.buckd/resources/b7a7b9a85fa5c5dd2ff9ef062bb96b45e92b4448/dx, buck.git_commit_timestamp=-1, user.home=/Users/apple, buck.path_to_asm_jar=/Users/apple/Documents/MyApp/MyDemo/.buckd/resources/b7a7b9a85fa5c5dd2ff9ef062bb96b45e92b4448/path_to_asm_jar, java.specification.vendor=Oracle Corporation, buck.git_dirty=0, java.library.path=/Users/apple/Documents/MyApp/MyDemo/.buckd/resources/b7a7b9a85fa5c5dd2ff9ef062bb96b45e92b4448, java.vendor.url=http://java.oracle.com/, java.vm.vendor=Oracle Corporation, gopherProxySet=false, java.runtime.name=Java(TM) SE Runtime Environment, sun.java.command=com.facebook.buck.cli.bootstrapper.ClassLoaderBootstrapper com.martiansoftware.nailgun.NGServer local:.buckd/sock 60000, java.class.path=/Users/apple/Documents/MyApp/MyDemo/.buckd/resources/b7a7b9a85fa5c5dd2ff9ef062bb96b45e92b4448/bootstrapper_jar, buck.buckd_dir=/Users/apple/Documents/MyApp/MyDemo/.buckd, buck.path_to_pathlib_py=/Users/apple/Documents/MyApp/MyDemo/.buckd/resources/b7a7b9a85fa5c5dd2ff9ef062bb96b45e92b4448/pathlib.py, buck.buckd_launch_time_nanos=7272656807365, java.vm.specification.name=Java Virtual Machine Specification, com.martiansoftware.nailgun.NGServer.outputPath=/Users/apple/Documents/MyApp/MyDemo/.buckd/tmp/buck_run.L8lgzt/ngserver-out, java.vm.specification.version=1.8, sun.cpu.endian=little, sun.os.patch.level=unknown, java.awt.headless=true, java.io.tmpdir=/Users/apple/Documents/MyApp/MyDemo/.buckd/tmp/buck_run.L8lgzt, buck.android_agent_path=/Users/apple/Documents/MyApp/MyDemo/.buckd/resources/b7a7b9a85fa5c5dd2ff9ef062bb96b45e92b4448/android_agent_path, java.vendor.url.bug=http://bugreport.sun.com/bugreport/, jna.platform.library.path=/usr/lib:/usr/lib, os.arch=x86_64, java.awt.graphicsenv=sun.awt.CGraphicsEnvironment, buck.path_to_pex=/Users/apple/Documents/MyApp/MyDemo/.buckd/resources/b7a7b9a85fa5c5dd2ff9ef062bb96b45e92b4448/path_to_pex, java.ext.dirs=/Users/apple/Library/Java/Extensions:/Library/Java/JavaVirtualMachines/jdk1.8.0_31.jdk/Contents/Home/jre/lib/ext:/Library/Java/Extensions:/Network/Library/Java/Extensions:/System/Library/Java/Extensions:/usr/lib/java, java.util.logging.config.class=com.facebook.buck.cli.bootstrapper.LogConfig, user.dir=/Users/apple/Documents/MyApp/MyDemo, line.separator=
, java.vm.name=Java HotSpot(TM) 64-Bit Server VM, buck.native_exopackage_fake_path=/Users/apple/Documents/MyApp/MyDemo/.buckd/resources/b7a7b9a85fa5c5dd2ff9ef062bb96b45e92b4448/native_exopackage_fake_path, file.encoding=UTF-8, java.specification.version=1.8}
[2016-02-01 10:30:00.486][debug][command:024358f0-4ece-458c-aa58-e4b89fc12d7a][tid:75][com.facebook.buck.cli.Config] Loaded a configuration file /Users/apple/.buckconfig: {}
[2016-02-01 10:30:00.486][debug][command:024358f0-4ece-458c-aa58-e4b89fc12d7a][tid:75][com.facebook.buck.cli.Config] Loaded a configuration file /Users/apple/Documents/MyApp/MyDemo/.buckconfig: {alias={app=//:app}, android={target=android-23}, project={ignore=.git, **/.svn,}}
[2016-02-01 10:30:00.487][debug][command:024358f0-4ece-458c-aa58-e4b89fc12d7a][tid:75][com.facebook.buck.cli.Config] Adding configuration overrides: {}
[2016-02-01 10:30:00.488][info ][command:024358f0-4ece-458c-aa58-e4b89fc12d7a][tid:75][com.facebook.buck.io.Watchman] Creating for: .
[2016-02-01 10:30:00.489][debug][command:024358f0-4ece-458c-aa58-e4b89fc12d7a][tid:75][com.facebook.buck.util.ListeningProcessExecutor] Launching process with params ProcessExecutorParams{command=[/usr/local/bin/watchman, --output-encoding=bser, get-sockname], directory=Optional.absent(), environment=Optional.absent(), redirectInput=Optional.absent(), redirectOutput=Optional.absent(), redirectError=Optional.absent()}
[2016-02-01 10:30:00.494][debug][command:024358f0-4ece-458c-aa58-e4b89fc12d7a][tid:75][com.facebook.buck.util.ListeningProcessExecutor] Successfully launched process com.zaxxer.nuprocess.osx.OsxProcess@2840127c
[2016-02-01 10:30:00.494][debug][command:024358f0-4ece-458c-aa58-e4b89fc12d7a][tid:75][com.facebook.buck.util.ListeningProcessExecutor] Waiting for process com.facebook.buck.util.ListeningProcessExecutor$LaunchedProcessImpl@7bd50bca timeout 1000000000 NANOSECONDS
[2016-02-01 10:30:00.499][debug][command:024358f0-4ece-458c-aa58-e4b89fc12d7a][tid:75][com.facebook.buck.util.ListeningProcessExecutor] Wait for process returned 5
[2016-02-01 10:30:00.499][error][command:024358f0-4ece-458c-aa58-e4b89fc12d7a][tid:75][com.facebook.buck.io.Watchman] Error 5 executing get-sockname
[2016-02-01 10:30:00.499][debug][command:024358f0-4ece-458c-aa58-e4b89fc12d7a][tid:75][com.facebook.buck.cli.Main] Watchman capabilities: [] Watch root: Optional.absent() Project prefix: Optional.absent() Glob handler config: PYTHON 
[2016-02-01 10:30:00.521][debug][command:024358f0-4ece-458c-aa58-e4b89fc12d7a][tid:75][com.facebook.buck.apple.AppleToolchainDiscovery] Searching for Xcode toolchains under /Applications/Xcode.app/Contents/Developer/Toolchains
[2016-02-01 10:30:00.521][debug][command:024358f0-4ece-458c-aa58-e4b89fc12d7a][tid:75][com.facebook.buck.apple.AppleToolchainDiscovery] Searching for Xcode toolchains in /Applications/Xcode.app/Contents/Developer/Toolchains
[2016-02-01 10:30:00.521][debug][command:024358f0-4ece-458c-aa58-e4b89fc12d7a][tid:75][com.facebook.buck.apple.AppleToolchainDiscovery] Getting identifier for for Xcode toolchain under /Applications/Xcode.app/Contents/Developer/Toolchains/XcodeDefault.xctoolchain
[2016-02-01 10:30:00.523][debug][command:024358f0-4ece-458c-aa58-e4b89fc12d7a][tid:75][com.facebook.buck.apple.AppleToolchainDiscovery] Mapped SDK identifier com.apple.dt.toolchain.XcodeDefault to path /Applications/Xcode.app/Contents/Developer/Toolchains/XcodeDefault.xctoolchain
[2016-02-01 10:30:00.524][debug][command:024358f0-4ece-458c-aa58-e4b89fc12d7a][tid:75][com.facebook.buck.apple.AppleSdkDiscovery] Searching for Xcode platforms under /Applications/Xcode.app/Contents/Developer/Platforms
[2016-02-01 10:30:00.524][debug][command:024358f0-4ece-458c-aa58-e4b89fc12d7a][tid:75][com.facebook.buck.apple.AppleSdkDiscovery] Searching for Xcode SDKs in /Applications/Xcode.app/Contents/Developer/Platforms
[2016-02-01 10:30:00.524][debug][command:024358f0-4ece-458c-aa58-e4b89fc12d7a][tid:75][com.facebook.buck.apple.AppleSdkDiscovery] Fetching SDK name for /Applications/Xcode.app/Contents/Developer/Platforms/iPhoneOS.platform/Developer/SDKs/iPhoneOS.sdk
[2016-02-01 10:30:00.525][debug][command:024358f0-4ece-458c-aa58-e4b89fc12d7a][tid:75][com.facebook.buck.apple.AppleSdkDiscovery] Specified toolchain com.apple.dt.toolchain.iOS9_0 not found for SDK path /Applications/Xcode.app/Contents/Developer/Platforms/iPhoneOS.platform/Developer/SDKs/iPhoneOS.sdk
[2016-02-01 10:30:00.525][debug][command:024358f0-4ece-458c-aa58-e4b89fc12d7a][tid:75][com.facebook.buck.apple.AppleSdkDiscovery] Found SDK AppleSdk{name=iphoneos9.0, version=9.0, applePlatform=ApplePlatform{name=iphoneos, architectures=[armv7, arm64], minVersionFlagPrefix=-mios-version-min=, stubBinaryPath=Optional.absent(), appIncludesFrameworks=false}, architectures=[armv7, arm64], toolchains=[AppleToolchain{identifier=com.apple.dt.toolchain.XcodeDefault, version=15A268, path=/Applications/Xcode.app/Contents/Developer/Toolchains/XcodeDefault.xctoolchain}]}
[2016-02-01 10:30:00.526][debug][command:024358f0-4ece-458c-aa58-e4b89fc12d7a][tid:75][com.facebook.buck.apple.AppleSdkDiscovery] Fetching SDK name for /Applications/Xcode.app/Contents/Developer/Platforms/iPhoneOS.platform/Developer/SDKs/iPhoneOS9.0.sdk
[2016-02-01 10:30:00.527][debug][command:024358f0-4ece-458c-aa58-e4b89fc12d7a][tid:75][com.facebook.buck.apple.AppleSdkDiscovery] Skipping already scanned SDK directory /Applications/Xcode.app/Contents/Developer/Platforms/iPhoneOS.platform/Developer/SDKs/iPhoneOS.sdk
[2016-02-01 10:30:00.527][debug][command:024358f0-4ece-458c-aa58-e4b89fc12d7a][tid:75][com.facebook.buck.apple.AppleSdkDiscovery] Fetching SDK name for /Applications/Xcode.app/Contents/Developer/Platforms/iPhoneSimulator.platform/Developer/SDKs/iPhoneSimulator.sdk
[2016-02-01 10:30:00.531][debug][command:024358f0-4ece-458c-aa58-e4b89fc12d7a][tid:75][com.facebook.buck.apple.AppleSdkDiscovery] Specified toolchain com.apple.dt.toolchain.iOS9_0 not found for SDK path /Applications/Xcode.app/Contents/Developer/Platforms/iPhoneSimulator.platform/Developer/SDKs/iPhoneSimulator.sdk
[2016-02-01 10:30:00.531][debug][command:024358f0-4ece-458c-aa58-e4b89fc12d7a][tid:75][com.facebook.buck.apple.AppleSdkDiscovery] Found SDK AppleSdk{name=iphonesimulator9.0, version=9.0, applePlatform=ApplePlatform{name=iphonesimulator, architectures=[i386, x86_64], minVersionFlagPrefix=-mios-simulator-version-min=, stubBinaryPath=Optional.absent(), appIncludesFrameworks=false}, architectures=[i386, x86_64], toolchains=[AppleToolchain{identifier=com.apple.dt.toolchain.XcodeDefault, version=15A268, path=/Applications/Xcode.app/Contents/Developer/Toolchains/XcodeDefault.xctoolchain}]}
[2016-02-01 10:30:00.532][debug][command:024358f0-4ece-458c-aa58-e4b89fc12d7a][tid:75][com.facebook.buck.apple.AppleSdkDiscovery] Fetching SDK name for /Applications/Xcode.app/Contents/Developer/Platforms/iPhoneSimulator.platform/Developer/SDKs/iPhoneSimulator9.0.sdk
[2016-02-01 10:30:00.532][debug][command:024358f0-4ece-458c-aa58-e4b89fc12d7a][tid:75][com.facebook.buck.apple.AppleSdkDiscovery] Skipping already scanned SDK directory /Applications/Xcode.app/Contents/Developer/Platforms/iPhoneSimulator.platform/Developer/SDKs/iPhoneSimulator.sdk
[2016-02-01 10:30:00.532][debug][command:024358f0-4ece-458c-aa58-e4b89fc12d7a][tid:75][com.facebook.buck.apple.AppleSdkDiscovery] Fetching SDK name for /Applications/Xcode.app/Contents/Developer/Platforms/MacOSX.platform/Developer/SDKs/MacOSX10.11.sdk
[2016-02-01 10:30:00.535][debug][command:024358f0-4ece-458c-aa58-e4b89fc12d7a][tid:75][com.facebook.buck.apple.AppleSdkDiscovery] Found SDK AppleSdk{name=macosx10.11, version=10.11, applePlatform=ApplePlatform{name=macosx, architectures=[i386, x86_64], minVersionFlagPrefix=-mmacosx-version-min=, stubBinaryPath=Optional.absent(), appIncludesFrameworks=true}, architectures=[i386, x86_64], toolchains=[AppleToolchain{identifier=com.apple.dt.toolchain.XcodeDefault, version=15A268, path=/Applications/Xcode.app/Contents/Developer/Toolchains/XcodeDefault.xctoolchain}]}
[2016-02-01 10:30:00.536][debug][command:024358f0-4ece-458c-aa58-e4b89fc12d7a][tid:75][com.facebook.buck.apple.AppleSdkDiscovery] Fetching SDK name for /Applications/Xcode.app/Contents/Developer/Platforms/WatchOS.platform/Developer/SDKs/WatchOS.sdk
[2016-02-01 10:30:00.536][debug][command:024358f0-4ece-458c-aa58-e4b89fc12d7a][tid:75][com.facebook.buck.apple.AppleSdkDiscovery] Specified toolchain com.apple.dt.toolchain.WatchOS2_0 not found for SDK path /Applications/Xcode.app/Contents/Developer/Platforms/WatchOS.platform/Developer/SDKs/WatchOS.sdk
[2016-02-01 10:30:00.537][debug][command:024358f0-4ece-458c-aa58-e4b89fc12d7a][tid:75][com.facebook.buck.apple.AppleSdkDiscovery] Found SDK AppleSdk{name=watchos2.0, version=2.0, applePlatform=ApplePlatform{name=watchos, architectures=[armv7k], minVersionFlagPrefix=-mwatchos-version-min=, stubBinaryPath=Optional.of(Library/Application Support/WatchKit/WK), appIncludesFrameworks=false}, architectures=[armv7k], toolchains=[AppleToolchain{identifier=com.apple.dt.toolchain.XcodeDefault, version=15A268, path=/Applications/Xcode.app/Contents/Developer/Toolchains/XcodeDefault.xctoolchain}]}
[2016-02-01 10:30:00.537][debug][command:024358f0-4ece-458c-aa58-e4b89fc12d7a][tid:75][com.facebook.buck.apple.AppleSdkDiscovery] Fetching SDK name for /Applications/Xcode.app/Contents/Developer/Platforms/WatchOS.platform/Developer/SDKs/WatchOS2.0.sdk
[2016-02-01 10:30:00.537][debug][command:024358f0-4ece-458c-aa58-e4b89fc12d7a][tid:75][com.facebook.buck.apple.AppleSdkDiscovery] Skipping already scanned SDK directory /Applications/Xcode.app/Contents/Developer/Platforms/WatchOS.platform/Developer/SDKs/WatchOS.sdk
[2016-02-01 10:30:00.537][debug][command:024358f0-4ece-458c-aa58-e4b89fc12d7a][tid:75][com.facebook.buck.apple.AppleSdkDiscovery] Fetching SDK name for /Applications/Xcode.app/Contents/Developer/Platforms/WatchSimulator.platform/Developer/SDKs/WatchSimulator.sdk
[2016-02-01 10:30:00.540][debug][command:024358f0-4ece-458c-aa58-e4b89fc12d7a][tid:75][com.facebook.buck.apple.AppleSdkDiscovery] Specified toolchain com.apple.dt.toolchain.WatchOS2_0 not found for SDK path /Applications/Xcode.app/Contents/Developer/Platforms/WatchSimulator.platform/Developer/SDKs/WatchSimulator.sdk
[2016-02-01 10:30:00.540][debug][command:024358f0-4ece-458c-aa58-e4b89fc12d7a][tid:75][com.facebook.buck.apple.AppleSdkDiscovery] Found SDK AppleSdk{name=watchsimulator2.0, version=2.0, applePlatform=ApplePlatform{name=watchsimulator, architectures=[i386], minVersionFlagPrefix=-mwatchos-simulator-version-min=, stubBinaryPath=Optional.of(Library/Application Support/WatchKit/WK), appIncludesFrameworks=false}, architectures=[i386], toolchains=[AppleToolchain{identifier=com.apple.dt.toolchain.XcodeDefault, version=15A268, path=/Applications/Xcode.app/Contents/Developer/Toolchains/XcodeDefault.xctoolchain}]}
[2016-02-01 10:30:00.540][debug][command:024358f0-4ece-458c-aa58-e4b89fc12d7a][tid:75][com.facebook.buck.apple.AppleSdkDiscovery] Fetching SDK name for /Applications/Xcode.app/Contents/Developer/Platforms/WatchSimulator.platform/Developer/SDKs/WatchSimulator2.0.sdk
[2016-02-01 10:30:00.540][debug][command:024358f0-4ece-458c-aa58-e4b89fc12d7a][tid:75][com.facebook.buck.apple.AppleSdkDiscovery] Skipping already scanned SDK directory /Applications/Xcode.app/Contents/Developer/Platforms/WatchSimulator.platform/Developer/SDKs/WatchSimulator.sdk
[2016-02-01 10:30:00.540][debug][command:024358f0-4ece-458c-aa58-e4b89fc12d7a][tid:75][com.facebook.buck.rules.KnownBuildRuleTypes] SDK AppleSdk{name=iphoneos9.0, version=9.0, applePlatform=ApplePlatform{name=iphoneos, architectures=[armv7, arm64], minVersionFlagPrefix=-mios-version-min=, stubBinaryPath=Optional.absent(), appIncludesFrameworks=false}, architectures=[armv7, arm64], toolchains=[AppleToolchain{identifier=com.apple.dt.toolchain.XcodeDefault, version=15A268, path=/Applications/Xcode.app/Contents/Developer/Toolchains/XcodeDefault.xctoolchain}]} using default version 9.0
[2016-02-01 10:30:00.553][debug][command:024358f0-4ece-458c-aa58-e4b89fc12d7a][tid:75][com.facebook.buck.rules.KnownBuildRuleTypes] SDK AppleSdk{name=iphonesimulator9.0, version=9.0, applePlatform=ApplePlatform{name=iphonesimulator, architectures=[i386, x86_64], minVersionFlagPrefix=-mios-simulator-version-min=, stubBinaryPath=Optional.absent(), appIncludesFrameworks=false}, architectures=[i386, x86_64], toolchains=[AppleToolchain{identifier=com.apple.dt.toolchain.XcodeDefault, version=15A268, path=/Applications/Xcode.app/Contents/Developer/Toolchains/XcodeDefault.xctoolchain}]} using default version 9.0
[2016-02-01 10:30:00.565][debug][command:024358f0-4ece-458c-aa58-e4b89fc12d7a][tid:75][com.facebook.buck.rules.KnownBuildRuleTypes] SDK AppleSdk{name=macosx10.11, version=10.11, applePlatform=ApplePlatform{name=macosx, architectures=[i386, x86_64], minVersionFlagPrefix=-mmacosx-version-min=, stubBinaryPath=Optional.absent(), appIncludesFrameworks=true}, architectures=[i386, x86_64], toolchains=[AppleToolchain{identifier=com.apple.dt.toolchain.XcodeDefault, version=15A268, path=/Applications/Xcode.app/Contents/Developer/Toolchains/XcodeDefault.xctoolchain}]} using default version 10.11
[2016-02-01 10:30:00.582][debug][command:024358f0-4ece-458c-aa58-e4b89fc12d7a][tid:75][com.facebook.buck.rules.KnownBuildRuleTypes] SDK AppleSdk{name=watchos2.0, version=2.0, applePlatform=ApplePlatform{name=watchos, architectures=[armv7k], minVersionFlagPrefix=-mwatchos-version-min=, stubBinaryPath=Optional.of(Library/Application Support/WatchKit/WK), appIncludesFrameworks=false}, architectures=[armv7k], toolchains=[AppleToolchain{identifier=com.apple.dt.toolchain.XcodeDefault, version=15A268, path=/Applications/Xcode.app/Contents/Developer/Toolchains/XcodeDefault.xctoolchain}]} using default version 2.0
[2016-02-01 10:30:00.588][debug][command:024358f0-4ece-458c-aa58-e4b89fc12d7a][tid:75][com.facebook.buck.rules.KnownBuildRuleTypes] SDK AppleSdk{name=watchsimulator2.0, version=2.0, applePlatform=ApplePlatform{name=watchsimulator, architectures=[i386], minVersionFlagPrefix=-mwatchos-simulator-version-min=, stubBinaryPath=Optional.of(Library/Application Support/WatchKit/WK), appIncludesFrameworks=false}, architectures=[i386], toolchains=[AppleToolchain{identifier=com.apple.dt.toolchain.XcodeDefault, version=15A268, path=/Applications/Xcode.app/Contents/Developer/Toolchains/XcodeDefault.xctoolchain}]} using default version 2.0
[2016-02-01 10:30:00.592][debug][command:024358f0-4ece-458c-aa58-e4b89fc12d7a][tid:75][com.facebook.buck.rules.KnownBuildRuleTypes] SDK AppleSdk{name=iphoneos, version=9.0, applePlatform=ApplePlatform{name=iphoneos, architectures=[armv7, arm64], minVersionFlagPrefix=-mios-version-min=, stubBinaryPath=Optional.absent(), appIncludesFrameworks=false}, architectures=[armv7, arm64], toolchains=[AppleToolchain{identifier=com.apple.dt.toolchain.XcodeDefault, version=15A268, path=/Applications/Xcode.app/Contents/Developer/Toolchains/XcodeDefault.xctoolchain}]} using default version 9.0
[2016-02-01 10:30:00.602][debug][command:024358f0-4ece-458c-aa58-e4b89fc12d7a][tid:75][com.facebook.buck.rules.KnownBuildRuleTypes] SDK AppleSdk{name=iphonesimulator, version=9.0, applePlatform=ApplePlatform{name=iphonesimulator, architectures=[i386, x86_64], minVersionFlagPrefix=-mios-simulator-version-min=, stubBinaryPath=Optional.absent(), appIncludesFrameworks=false}, architectures=[i386, x86_64], toolchains=[AppleToolchain{identifier=com.apple.dt.toolchain.XcodeDefault, version=15A268, path=/Applications/Xcode.app/Contents/Developer/Toolchains/XcodeDefault.xctoolchain}]} using default version 9.0
[2016-02-01 10:30:00.616][debug][command:024358f0-4ece-458c-aa58-e4b89fc12d7a][tid:75][com.facebook.buck.rules.KnownBuildRuleTypes] SDK AppleSdk{name=macosx, version=10.11, applePlatform=ApplePlatform{name=macosx, architectures=[i386, x86_64], minVersionFlagPrefix=-mmacosx-version-min=, stubBinaryPath=Optional.absent(), appIncludesFrameworks=true}, architectures=[i386, x86_64], toolchains=[AppleToolchain{identifier=com.apple.dt.toolchain.XcodeDefault, version=15A268, path=/Applications/Xcode.app/Contents/Developer/Toolchains/XcodeDefault.xctoolchain}]} using default version 10.11
[2016-02-01 10:30:00.627][debug][command:024358f0-4ece-458c-aa58-e4b89fc12d7a][tid:75][com.facebook.buck.rules.KnownBuildRuleTypes] SDK AppleSdk{name=watchos, version=2.0, applePlatform=ApplePlatform{name=watchos, architectures=[armv7k], minVersionFlagPrefix=-mwatchos-version-min=, stubBinaryPath=Optional.of(Library/Application Support/WatchKit/WK), appIncludesFrameworks=false}, architectures=[armv7k], toolchains=[AppleToolchain{identifier=com.apple.dt.toolchain.XcodeDefault, version=15A268, path=/Applications/Xcode.app/Contents/Developer/Toolchains/XcodeDefault.xctoolchain}]} using default version 2.0
[2016-02-01 10:30:00.630][debug][command:024358f0-4ece-458c-aa58-e4b89fc12d7a][tid:75][com.facebook.buck.rules.KnownBuildRuleTypes] SDK AppleSdk{name=watchsimulator, version=2.0, applePlatform=ApplePlatform{name=watchsimulator, architectures=[i386], minVersionFlagPrefix=-mwatchos-simulator-version-min=, stubBinaryPath=Optional.of(Library/Application Support/WatchKit/WK), appIncludesFrameworks=false}, architectures=[i386], toolchains=[AppleToolchain{identifier=com.apple.dt.toolchain.XcodeDefault, version=15A268, path=/Applications/Xcode.app/Contents/Developer/Toolchains/XcodeDefault.xctoolchain}]} using default version 2.0
[2016-02-01 10:30:00.635][debug][command:024358f0-4ece-458c-aa58-e4b89fc12d7a][tid:75][com.facebook.buck.cxx.CxxPlatforms] Using system default C++ platform CxxPlatform{flavor=default, as=com.facebook.buck.rules.HashedFileTool@793c905d, asflags=[], aspp=com.facebook.buck.cxx.ClangPreprocessor@1bf223ef, asppflags=[], cc=com.facebook.buck.cxx.ClangCompiler@3389011f, cflags=[], cxx=com.facebook.buck.cxx.ClangCompiler@60d1c7ff, cxxflags=[], cpp=com.facebook.buck.cxx.ClangPreprocessor@7d720dc0, cppflags=[], cxxpp=com.facebook.buck.cxx.ClangPreprocessor@7715b4da, cxxppflags=[], ld=com.facebook.buck.cxx.DarwinLinker@c6fd2de, ldflags=[], runtimeLdflags={}, strip=com.facebook.buck.rules.HashedFileTool@626f0293, stripFlags=[], ar=com.facebook.buck.cxx.BsdArchiver@f9e0f13, arflags=[], ranlib=com.facebook.buck.rules.HashedFileTool@5577d95e, ranlibflags=[], symbolNameTool=com.facebook.buck.cxx.PosixNmSymbolNameTool@27fc080c, sharedLibraryExtension=dylib, sharedLibraryVersionedExtensionFormat=.%s.dylib, debugPathSanitizer=com.facebook.buck.cxx.DebugPathSanitizer@3f962b7b, flagMacros={}}
[2016-02-01 10:30:00.651][debug][command:024358f0-4ece-458c-aa58-e4b89fc12d7a][tid:75][com.facebook.buck.event.listener.SuperConsoleEventBusListener] Starting render scheduler (interval 100 ms)
[2016-02-01 10:30:00.652][debug][command:024358f0-4ece-458c-aa58-e4b89fc12d7a][tid:75][com.facebook.buck.util.environment.MacWifiSsidFinder] Getting current SSID..
[2016-02-01 10:30:00.652][debug][command:024358f0-4ece-458c-aa58-e4b89fc12d7a][tid:75][com.facebook.buck.util.environment.MacWifiSsidFinder] Getting SSID from Wi-Fi interface: <CWInterface: 0x7f80ac065eb0> [interfaceName=en0]
[2016-02-01 10:30:00.653][debug][command:024358f0-4ece-458c-aa58-e4b89fc12d7a][tid:75][com.facebook.buck.util.environment.MacWifiSsidFinder] Found SSID: ASPire-WiFi
[2016-02-01 10:30:00.662][debug][command:024358f0-4ece-458c-aa58-e4b89fc12d7a][tid:91][com.facebook.buck.parser.DaemonicParserState] Invalidating all caches
[2016-02-01 10:30:00.664][debug][command:024358f0-4ece-458c-aa58-e4b89fc12d7a][tid:89][com.facebook.buck.event.listener.LoggingBuildListener] CommandStarted(build, isDaemon: false)
[2016-02-01 10:30:00.664][debug][command:024358f0-4ece-458c-aa58-e4b89fc12d7a][tid:91][com.facebook.buck.json.ProjectBuildFileParser] Creating temporary buck.py instance...
[2016-02-01 10:30:00.664][info ][command:024358f0-4ece-458c-aa58-e4b89fc12d7a][tid:89][com.facebook.buck.event.listener.LoggingBuildListener] Build started at 2016-02-01 10:30:00.661
[2016-02-01 10:30:00.665][debug][command:024358f0-4ece-458c-aa58-e4b89fc12d7a][tid:89][com.facebook.buck.event.listener.LoggingBuildListener] ParsingProgressUpdated(progress=0.0)
[2016-02-01 10:30:00.665][debug][command:024358f0-4ece-458c-aa58-e4b89fc12d7a][tid:89][com.facebook.buck.event.listener.LoggingBuildListener] BuckFilesParseStarted()
[2016-02-01 10:30:00.698][debug][command:024358f0-4ece-458c-aa58-e4b89fc12d7a][tid:91][com.facebook.buck.json.ProjectBuildFileParser] Created temporary buck.py instance at /Users/apple/Documents/MyApp/MyDemo/.buckd/tmp/buck_run.L8lgzt/buck8344202704499668956.py.
[2016-02-01 10:30:00.699][debug][command:024358f0-4ece-458c-aa58-e4b89fc12d7a][tid:91][com.facebook.buck.json.ProjectBuildFileParser] Starting buck.py command: [/usr/bin/python, -u, /Users/apple/Documents/MyApp/MyDemo/.buckd/tmp/buck_run.L8lgzt/buck8344202704499668956.py, --allow_empty_globs, --project_root, /Users/apple/Documents/MyApp/MyDemo, --build_file_name, BUCK, --quiet, --config, /Users/apple/Documents/MyApp/MyDemo/.buckd/tmp/buck_run.L8lgzt/raw_config5303203220555052949.json] environment: Optional.of({ANDROID_HOME=/Users/apple/Applications/android/android-sdk_studio, BUCK_TTY=1, HOME=/Users/apple, NAILGUN_FILESEPARATOR=/, LOGNAME=apple, TMPDIR=/var/folders/y5/r4l9zn_921s77s5qdc0f713c0000gn/T/, USER=apple, VERSIONER_PYTHON_VERSION=2.7, SHELL=/bin/bash, BUCK_ORIG_TMPDIR=/var/folders/y5/r4l9zn_921s77s5qdc0f713c0000gn/T/, LC_CTYPE=zh_CN.UTF-8, __CF_USER_TEXT_ENCODING=0x1F5:0x19:0x34, NAILGUN_TTY_2=1, NAILGUN_TTY_1=1, NAILGUN_TTY_0=1, NDK_ROOT=/Users/apple/Applications/android/android-sdk_studio, VERSIONER_PYTHON_PREFER_32_BIT=no, NAILGUN_PATHSEPARATOR=:, PATH=/opt/subversion/bin:/Users/apple/buck/bin:/usr/local/bin:/usr/bin:/bin:/usr/sbin:/sbin:/usr/local/git/bin:/Users/apple/Applications/android/android-sdk-macosx/platform-tools:/Users/apple/Applications/android/android-sdk_studio, TERM=xterm-256color, _=/usr/local/bin/buck})
[2016-02-01 10:30:00.703][debug][command:024358f0-4ece-458c-aa58-e4b89fc12d7a][tid:91][com.facebook.buck.json.ProjectBuildFileParser] Started process com.facebook.buck.util.ProcessExecutor$LaunchedProcessImpl@846228f successfully
[2016-02-01 10:30:00.703][debug][command:024358f0-4ece-458c-aa58-e4b89fc12d7a][tid:91][com.facebook.buck.json.ProjectBuildFileParser] Parsing output of process com.facebook.buck.util.ProcessExecutor$LaunchedProcessImpl@846228f...
[2016-02-01 10:30:00.704][debug][command:024358f0-4ece-458c-aa58-e4b89fc12d7a][tid:89][com.facebook.buck.event.listener.LoggingBuildListener] ParseBuckFileStarted(/Users/apple/Documents/MyApp/MyDemo/BUCK)
[2016-02-01 10:30:00.831][warn ][command:024358f0-4ece-458c-aa58-e4b89fc12d7a][tid:91][com.facebook.buck.json.ProjectBuildFileParser] Fatal error raised by BUCK file parser for file /Users/apple/Documents/MyApp/MyDemo/BUCK:   File "/Users/apple/Documents/MyApp/MyDemo/BUCK", line 52, in <module>
    '//src:',
  File "/Users/apple/Documents/MyApp/MyDemo/.buckd/tmp/buck_run.L8lgzt/buck8344202704499668956.py", line 121, in invoke
    return self.func(*args, **updated_kwargs)
TypeError: gen_aidl() takes at least 3 arguments (4 given)

[2016-02-01 10:30:00.832][debug][command:024358f0-4ece-458c-aa58-e4b89fc12d7a][tid:89][com.facebook.buck.event.listener.LoggingBuildListener] ParseBuckFileFinished(/Users/apple/Documents/MyApp/MyDemo/BUCK)
[2016-02-01 10:30:00.832][debug][command:024358f0-4ece-458c-aa58-e4b89fc12d7a][tid:89][com.facebook.buck.event.listener.LoggingBuildListener] ParsingProgressUpdated(progress=0.5)
[2016-02-01 10:30:00.834][debug][command:024358f0-4ece-458c-aa58-e4b89fc12d7a][tid:75][com.facebook.buck.json.ProjectBuildFileParser] Creating temporary buck.py instance...
[2016-02-01 10:30:00.834][debug][command:024358f0-4ece-458c-aa58-e4b89fc12d7a][tid:89][com.facebook.buck.event.listener.LoggingBuildListener] BuckFilesParseStarted()
[2016-02-01 10:30:00.839][debug][command:024358f0-4ece-458c-aa58-e4b89fc12d7a][tid:75][com.facebook.buck.json.ProjectBuildFileParser] Created temporary buck.py instance at /Users/apple/Documents/MyApp/MyDemo/.buckd/tmp/buck_run.L8lgzt/buck4193930846138817498.py.
[2016-02-01 10:30:00.839][debug][command:024358f0-4ece-458c-aa58-e4b89fc12d7a][tid:75][com.facebook.buck.json.ProjectBuildFileParser] Starting buck.py command: [/usr/bin/python, -u, /Users/apple/Documents/MyApp/MyDemo/.buckd/tmp/buck_run.L8lgzt/buck4193930846138817498.py, --allow_empty_globs, --project_root, /Users/apple/Documents/MyApp/MyDemo, --build_file_name, BUCK, --quiet, --config, /Users/apple/Documents/MyApp/MyDemo/.buckd/tmp/buck_run.L8lgzt/raw_config7208422185107902848.json] environment: Optional.of({ANDROID_HOME=/Users/apple/Applications/android/android-sdk_studio, BUCK_TTY=1, HOME=/Users/apple, NAILGUN_FILESEPARATOR=/, LOGNAME=apple, TMPDIR=/var/folders/y5/r4l9zn_921s77s5qdc0f713c0000gn/T/, USER=apple, VERSIONER_PYTHON_VERSION=2.7, SHELL=/bin/bash, BUCK_ORIG_TMPDIR=/var/folders/y5/r4l9zn_921s77s5qdc0f713c0000gn/T/, LC_CTYPE=zh_CN.UTF-8, __CF_USER_TEXT_ENCODING=0x1F5:0x19:0x34, NAILGUN_TTY_2=1, NAILGUN_TTY_1=1, NAILGUN_TTY_0=1, NDK_ROOT=/Users/apple/Applications/android/android-sdk_studio, VERSIONER_PYTHON_PREFER_32_BIT=no, NAILGUN_PATHSEPARATOR=:, PATH=/opt/subversion/bin:/Users/apple/buck/bin:/usr/local/bin:/usr/bin:/bin:/usr/sbin:/sbin:/usr/local/git/bin:/Users/apple/Applications/android/android-sdk-macosx/platform-tools:/Users/apple/Applications/android/android-sdk_studio, TERM=xterm-256color, _=/usr/local/bin/buck})
[2016-02-01 10:30:00.844][debug][command:024358f0-4ece-458c-aa58-e4b89fc12d7a][tid:75][com.facebook.buck.json.ProjectBuildFileParser] Started process com.facebook.buck.util.ProcessExecutor$LaunchedProcessImpl@36fd0f91 successfully
[2016-02-01 10:30:00.845][debug][command:024358f0-4ece-458c-aa58-e4b89fc12d7a][tid:75][com.facebook.buck.json.ProjectBuildFileParser] Parsing output of process com.facebook.buck.util.ProcessExecutor$LaunchedProcessImpl@36fd0f91...
[2016-02-01 10:30:00.845][debug][command:024358f0-4ece-458c-aa58-e4b89fc12d7a][tid:89][com.facebook.buck.event.listener.LoggingBuildListener] ParseBuckFileStarted(/Users/apple/Documents/MyApp/MyDemo/BUCK)
[2016-02-01 10:30:00.957][warn ][command:024358f0-4ece-458c-aa58-e4b89fc12d7a][tid:75][com.facebook.buck.json.ProjectBuildFileParser] Fatal error raised by BUCK file parser for file /Users/apple/Documents/MyApp/MyDemo/BUCK:   File "/Users/apple/Documents/MyApp/MyDemo/BUCK", line 52, in <module>
    '//src:',
  File "/Users/apple/Documents/MyApp/MyDemo/.buckd/tmp/buck_run.L8lgzt/buck4193930846138817498.py", line 121, in invoke
    return self.func(*args, **updated_kwargs)
TypeError: gen_aidl() takes at least 3 arguments (4 given)

[2016-02-01 10:30:00.957][debug][command:024358f0-4ece-458c-aa58-e4b89fc12d7a][tid:89][com.facebook.buck.event.listener.LoggingBuildListener] ParseBuckFileFinished(/Users/apple/Documents/MyApp/MyDemo/BUCK)
[2016-02-01 10:30:00.958][debug][command:024358f0-4ece-458c-aa58-e4b89fc12d7a][tid:89][com.facebook.buck.event.listener.LoggingBuildListener] ParsingProgressUpdated(progress=1.0)
[2016-02-01 10:30:00.964][debug][command:024358f0-4ece-458c-aa58-e4b89fc12d7a][tid:75][com.facebook.buck.json.ProjectBuildFileParser] Waiting for process com.facebook.buck.util.ProcessExecutor$LaunchedProcessImpl@36fd0f91 to exit...
[2016-02-01 10:30:00.964][warn ][command:024358f0-4ece-458c-aa58-e4b89fc12d7a][tid:75][com.facebook.buck.json.ProjectBuildFileParser] Process com.facebook.buck.util.ProcessExecutor$LaunchedProcessImpl@36fd0f91 exited with error code 1
[2016-02-01 10:30:00.965][debug][command:024358f0-4ece-458c-aa58-e4b89fc12d7a][tid:89][com.facebook.buck.event.listener.LoggingBuildListener] BuckFilesParseFinished()
[2016-02-01 10:30:00.965][debug][command:024358f0-4ece-458c-aa58-e4b89fc12d7a][tid:75][com.facebook.buck.json.ProjectBuildFileParser] Waiting for process com.facebook.buck.util.ProcessExecutor$LaunchedProcessImpl@846228f to exit...
[2016-02-01 10:30:00.965][warn ][command:024358f0-4ece-458c-aa58-e4b89fc12d7a][tid:75][com.facebook.buck.json.ProjectBuildFileParser] Process com.facebook.buck.util.ProcessExecutor$LaunchedProcessImpl@846228f exited with error code 1
[2016-02-01 10:30:00.965][debug][command:024358f0-4ece-458c-aa58-e4b89fc12d7a][tid:89][com.facebook.buck.event.listener.LoggingBuildListener] BuckFilesParseFinished()
[2016-02-01 10:30:00.965][debug][command:024358f0-4ece-458c-aa58-e4b89fc12d7a][tid:75][com.facebook.buck.parser.PerBuildState] Cleaning cache of build files with inputs under symlink []
[2016-02-01 10:30:00.967][warn ][command:024358f0-4ece-458c-aa58-e4b89fc12d7a][tid:89][com.facebook.buck.event.listener.LoggingBuildListener] Parse error for build file /Users/apple/Documents/MyApp/MyDemo/BUCK:   File "/Users/apple/Documents/MyApp/MyDemo/BUCK", line 52, in <module>
    '//src:',
  File "/Users/apple/Documents/MyApp/MyDemo/.buckd/tmp/buck_run.L8lgzt/buck4193930846138817498.py", line 121, in invoke
    return self.func(*args, **updated_kwargs)
TypeError: gen_aidl() takes at least 3 arguments (4 given)

[2016-02-01 10:30:00.970][info ][command:024358f0-4ece-458c-aa58-e4b89fc12d7a][tid:75][com.facebook.buck.cli.Main] Awaiting termination of HTTP Write executor service. Waiting for all jobs to complete, or up to maximum of 1800 seconds...
[2016-02-01 10:30:00.970][debug][command:024358f0-4ece-458c-aa58-e4b89fc12d7a][tid:89][com.facebook.buck.event.listener.LoggingBuildListener] HttpArtifactCacheEvent.Shutdown(HttpArtifactCacheEvent.ShutdownEventKey{value=1213})
[2016-02-01 10:30:00.970][debug][command:024358f0-4ece-458c-aa58-e4b89fc12d7a][tid:89][com.facebook.buck.event.listener.LoggingBuildListener] CommandFinished(build, isDaemon: false)
[2016-02-01 10:30:00.970][debug][command:024358f0-4ece-458c-aa58-e4b89fc12d7a][tid:75][com.facebook.buck.event.listener.SuperConsoleEventBusListener] Stopping render scheduler
[2016-02-01 10:30:00.972][info ][command:024358f0-4ece-458c-aa58-e4b89fc12d7a][tid:75][com.facebook.buck.cli.Main] Awaiting termination of CPU executor service. Waiting for all jobs to complete, or up to maximum of 60 seconds...
[2016-02-01 10:30:00.972][warn ][command:null][tid:79][com.martiansoftware.nailgun.NGInputStream] Nailgun client read future was interrupted
java.lang.InterruptedException
	at java.util.concurrent.FutureTask.awaitDone(FutureTask.java:404)
	at java.util.concurrent.FutureTask.get(FutureTask.java:204)
	at com.martiansoftware.nailgun.NGInputStream$1.run(NGInputStream.java:91)
	at java.util.concurrent.Executors$RunnableAdapter.call(Executors.java:511)
	at java.util.concurrent.FutureTask.run(FutureTask.java:266)
	at java.util.concurrent.ThreadPoolExecutor.runWorker(ThreadPoolExecutor.java:1142)
	at java.util.concurrent.ThreadPoolExecutor$Worker.run(ThreadPoolExecutor.java:617)
	at java.lang.Thread.run(Thread.java:745)

[2016-02-01 10:30:00.973][debug][command:null][tid:79][com.martiansoftware.nailgun.NGInputStream] Nailgun client read shutting down
[2016-02-01 10:30:00.973][info ][command:024358f0-4ece-458c-aa58-e4b89fc12d7a][tid:75][com.facebook.buck.cli.Main] Awaiting termination of Disk IO executor service. Waiting for all jobs to complete, or up to maximum of 10 seconds...
[2016-02-01 10:30:00.975][debug][command:024358f0-4ece-458c-aa58-e4b89fc12d7a][tid:75][com.facebook.buck.event.listener.ChromeTraceBuildListener] Writing Chrome trace to buck-out/log/traces/build.2016-02-01.10-30-00.024358f0-4ece-458c-aa58-e4b89fc12d7a.trace
[2016-02-01 10:30:01.121][debug][command:024358f0-4ece-458c-aa58-e4b89fc12d7a][tid:75][com.facebook.buck.cli.Main] Done.
[2016-02-01 10:30:01.121][info ][command:null][tid:75][com.martiansoftware.nailgun.NGSession] Server cleanly exited with status 1
com.martiansoftware.nailgun.NGExitException: ExitException: status 1
	at com.martiansoftware.nailgun.NGSecurityManager.checkExit(NGSecurityManager.java:56)
	at java.lang.Runtime.exit(Runtime.java:107)
	at java.lang.System.exit(System.java:968)
	at com.facebook.buck.cli.Main.runMainThenExit(Main.java:1498)
	at com.facebook.buck.cli.Main.nailMain(Main.java:1514)
	at sun.reflect.NativeMethodAccessorImpl.invoke0(Native Method)
	at sun.reflect.NativeMethodAccessorImpl.invoke(NativeMethodAccessorImpl.java:62)
	at sun.reflect.DelegatingMethodAccessorImpl.invoke(DelegatingMethodAccessorImpl.java:43)
	at java.lang.reflect.Method.invoke(Method.java:483)
	at com.martiansoftware.nailgun.NGSession.run(NGSession.java:338)

[2016-02-01 10:30:01.122][debug][command:null][tid:75][com.martiansoftware.nailgun.NGSession] Tearing down client socket
[2016-02-01 10:30:01.122][debug][command:null][tid:75][com.martiansoftware.nailgun.NGSession] Flushing client socket
[2016-02-01 10:30:01.122][debug][command:null][tid:75][com.martiansoftware.nailgun.NGSession] Error shutting down socket I/O (this is expected if the client disconnected already)
java.io.IOException: com.sun.jna.LastErrorException: [57] Socket is not connected
	at com.martiansoftware.nailgun.NGUnixDomainSocket.doShutdown(NGUnixDomainSocket.java:74)
	at com.martiansoftware.nailgun.NGUnixDomainSocket.shutdownInput(NGUnixDomainSocket.java:60)
	at com.martiansoftware.nailgun.NGSession.run(NGSession.java:384)
Caused by: com.sun.jna.LastErrorException: [57] Socket is not connected
	at com.martiansoftware.nailgun.NGUnixDomainSocketLibrary.shutdown(Native Method)
	at com.martiansoftware.nailgun.NGUnixDomainSocket.doShutdown(NGUnixDomainSocket.java:71)
	... 2 more

[2016-02-01 10:30:01.122][debug][command:null][tid:75][com.martiansoftware.nailgun.NGSession] Closing client socket
[2016-02-01 10:30:01.122][debug][command:null][tid:75][com.martiansoftware.nailgun.NGSession] Finished tearing down client socket
[2016-02-01 10:30:01.123][debug][command:null][tid:75][com.martiansoftware.nailgun.NGSession] Waiting for next client to connect
[2016-02-01 10:30:01.123][info ][command:null][tid:75][com.martiansoftware.nailgun.NGSession] NGSession shutting down
[2016-02-01 10:30:06.383][debug][command:null][tid:78][com.martiansoftware.nailgun.NGSession] Client connected
[2016-02-01 10:30:06.383][debug][command:null][tid:95][com.martiansoftware.nailgun.NGSession] Waiting for first client to connect
[2016-02-01 10:30:06.385][debug][command:null][tid:78][com.martiansoftware.nailgun.NGSession] Tearing down client socket
[2016-02-01 10:30:06.385][debug][command:null][tid:78][com.martiansoftware.nailgun.NGSession] Flushing client socket
[2016-02-01 10:30:06.385][warn ][command:null][tid:96][com.martiansoftware.nailgun.NGInputStream] Nailgun client read future was interrupted
java.lang.InterruptedException
	at java.util.concurrent.FutureTask.awaitDone(FutureTask.java:404)
	at java.util.concurrent.FutureTask.get(FutureTask.java:204)
	at com.martiansoftware.nailgun.NGInputStream$1.run(NGInputStream.java:91)
	at java.util.concurrent.Executors$RunnableAdapter.call(Executors.java:511)
	at java.util.concurrent.FutureTask.run(FutureTask.java:266)
	at java.util.concurrent.ThreadPoolExecutor.runWorker(ThreadPoolExecutor.java:1142)
	at java.util.concurrent.ThreadPoolExecutor$Worker.run(ThreadPoolExecutor.java:617)
	at java.lang.Thread.run(Thread.java:745)

[2016-02-01 10:30:06.385][debug][command:null][tid:96][com.martiansoftware.nailgun.NGInputStream] Nailgun client read shutting down
[2016-02-01 10:30:06.385][debug][command:null][tid:78][com.martiansoftware.nailgun.NGSession] Error shutting down socket I/O (this is expected if the client disconnected already)
java.io.IOException: com.sun.jna.LastErrorException: [57] Socket is not connected
	at com.martiansoftware.nailgun.NGUnixDomainSocket.doShutdown(NGUnixDomainSocket.java:74)
	at com.martiansoftware.nailgun.NGUnixDomainSocket.shutdownInput(NGUnixDomainSocket.java:60)
	at com.martiansoftware.nailgun.NGSession.run(NGSession.java:384)
Caused by: com.sun.jna.LastErrorException: [57] Socket is not connected
	at com.martiansoftware.nailgun.NGUnixDomainSocketLibrary.shutdown(Native Method)
	at com.martiansoftware.nailgun.NGUnixDomainSocket.doShutdown(NGUnixDomainSocket.java:71)
	... 2 more

[2016-02-01 10:30:06.386][debug][command:null][tid:78][com.martiansoftware.nailgun.NGSession] Closing client socket
[2016-02-01 10:30:06.386][debug][command:null][tid:95][com.martiansoftware.nailgun.NGSession] Client connected
[2016-02-01 10:30:06.386][debug][command:null][tid:78][com.martiansoftware.nailgun.NGSession] Finished tearing down client socket
[2016-02-01 10:30:06.386][debug][command:null][tid:78][com.martiansoftware.nailgun.NGSession] Waiting for next client to connect
[2016-02-01 10:30:06.386][info ][command:null][tid:78][com.martiansoftware.nailgun.NGSession] NGSession shutting down
[2016-02-01 10:30:06.387][debug][command:null][tid:98][com.martiansoftware.nailgun.NGSession] Waiting for first client to connect
[2016-02-01 10:30:06.387][debug][command:null][tid:95][com.martiansoftware.nailgun.NGSession] Tearing down client socket
[2016-02-01 10:30:06.388][debug][command:null][tid:95][com.martiansoftware.nailgun.NGSession] Flushing client socket
[2016-02-01 10:30:06.388][debug][command:null][tid:95][com.martiansoftware.nailgun.NGSession] Error shutting down socket I/O (this is expected if the client disconnected already)
java.io.IOException: com.sun.jna.LastErrorException: [57] Socket is not connected
	at com.martiansoftware.nailgun.NGUnixDomainSocket.doShutdown(NGUnixDomainSocket.java:74)
	at com.martiansoftware.nailgun.NGUnixDomainSocket.shutdownInput(NGUnixDomainSocket.java:60)
	at com.martiansoftware.nailgun.NGSession.run(NGSession.java:384)
Caused by: com.sun.jna.LastErrorException: [57] Socket is not connected
	at com.martiansoftware.nailgun.NGUnixDomainSocketLibrary.shutdown(Native Method)
	at com.martiansoftware.nailgun.NGUnixDomainSocket.doShutdown(NGUnixDomainSocket.java:71)
	... 2 more

[2016-02-01 10:30:06.388][debug][command:null][tid:95][com.martiansoftware.nailgun.NGSession] Closing client socket
[2016-02-01 10:30:06.388][debug][command:null][tid:95][com.martiansoftware.nailgun.NGSession] Finished tearing down client socket
[2016-02-01 10:30:06.388][debug][command:null][tid:95][com.martiansoftware.nailgun.NGSession] Waiting for next client to connect
[2016-02-01 10:30:06.388][info ][command:null][tid:95][com.martiansoftware.nailgun.NGSession] NGSession shutting down
[2016-02-01 10:30:06.389][debug][command:null][tid:98][com.martiansoftware.nailgun.NGSession] Client connected
[2016-02-01 10:30:06.390][warn ][command:null][tid:99][com.martiansoftware.nailgun.NGInputStream] Nailgun client read future was interrupted
java.lang.InterruptedException
	at java.util.concurrent.FutureTask.awaitDone(FutureTask.java:404)
	at java.util.concurrent.FutureTask.get(FutureTask.java:204)
	at com.martiansoftware.nailgun.NGInputStream$1.run(NGInputStream.java:91)
	at java.util.concurrent.Executors$RunnableAdapter.call(Executors.java:511)
	at java.util.concurrent.FutureTask.run(FutureTask.java:266)
	at java.util.concurrent.ThreadPoolExecutor.runWorker(ThreadPoolExecutor.java:1142)
	at java.util.concurrent.ThreadPoolExecutor$Worker.run(ThreadPoolExecutor.java:617)
	at java.lang.Thread.run(Thread.java:745)

[2016-02-01 10:30:06.390][debug][command:null][tid:99][com.martiansoftware.nailgun.NGInputStream] Nailgun client read shutting down
[2016-02-01 10:30:06.390][warn ][command:null][tid:100][com.martiansoftware.nailgun.NGInputStream] Unknown chunk type:  
[2016-02-01 10:30:06.390][debug][command:null][tid:101][com.martiansoftware.nailgun.NGSession] Waiting for first client to connect
[2016-02-01 10:30:06.392][debug][command:db209b20-8a9f-425f-a7bb-928d1278448b][tid:98][com.facebook.buck.cli.Main] Rotating log.
