2016-02-25T00:37:51.596	INFO	Build started
2016-02-25T00:37:51.633	INFO	BuildRuleStarted(//:Loader)
2016-02-25T00:37:51.633	INFO	BuildRuleStarted(//:UIFrame)
2016-02-25T00:37:51.633	INFO	BuildRuleStarted(//:IMyService)
2016-02-25T00:37:51.633	INFO	BuildRuleStarted(//:Loader#abi)
2016-02-25T00:37:51.633	INFO	BuildRuleStarted(//:UIFrame#abi)
2016-02-25T00:37:51.634	INFO	BuildRuleSuspended(//:IMyService)
2016-02-25T00:37:51.634	INFO	BuildRuleStarted(//:android-support-v4#abi)
2016-02-25T00:37:51.638	INFO	BuildRuleSuspended(//:Loader#abi)
2016-02-25T00:37:51.638	INFO	BuildRuleStarted(//:android-support-v4)
2016-02-25T00:37:51.639	INFO	BuildRuleSuspended(//:UIFrame#abi)
2016-02-25T00:37:51.639	INFO	BuildRuleStarted(//:aidl)
2016-02-25T00:37:51.639	INFO	BuildRuleSuspended(//:aidl)
2016-02-25T00:37:51.639	INFO	BuildRuleStarted(//:res)
2016-02-25T00:37:51.640	INFO	BuildRuleSuspended(//:UIFrame)
2016-02-25T00:37:51.640	INFO	BuildRuleStarted(//:bugly_1.2.8_release)
2016-02-25T00:37:51.642	INFO	BuildRuleSuspended(//:bugly_1.2.8_release)
2016-02-25T00:37:51.642	INFO	BuildRuleStarted(//:android-support-v7-recyclerview#abi)
2016-02-25T00:37:51.643	INFO	BuildRuleSuspended(//:android-support-v7-recyclerview#abi)
2016-02-25T00:37:51.643	INFO	BuildRuleStarted(//:android-support-v7-recyclerview)
2016-02-25T00:37:51.643	INFO	BuildRuleSuspended(//:android-support-v7-recyclerview)
2016-02-25T00:37:51.643	INFO	BuildRuleStarted(//:android-support-v7-palette#abi)
2016-02-25T00:37:51.643	INFO	BuildRuleSuspended(//:android-support-v4#abi)
2016-02-25T00:37:51.643	INFO	BuildRuleStarted(//:android-support-v7-palette)
2016-02-25T00:37:51.643	INFO	BuildRuleSuspended(//:android-support-v4)
2016-02-25T00:37:51.643	INFO	BuildRuleStarted(//:android-support-v7-cardview#abi)
2016-02-25T00:37:51.643	INFO	BuildRuleSuspended(//:android-support-v7-palette#abi)
2016-02-25T00:37:51.644	INFO	BuildRuleStarted(//:android-support-v7-cardview)
2016-02-25T00:37:51.644	INFO	BuildRuleSuspended(//:android-support-v7-palette)
2016-02-25T00:37:51.644	INFO	BuildRuleSuspended(//:Loader)
2016-02-25T00:37:51.644	INFO	BuildRuleSuspended(//:android-support-v7-cardview#abi)
2016-02-25T00:37:51.644	INFO	BuildRuleSuspended(//:android-support-v7-cardview)
2016-02-25T00:37:51.644	INFO	BuildRuleStarted(//:bugly_1.2.8_release#abi)
2016-02-25T00:37:51.645	INFO	BuildRuleSuspended(//:bugly_1.2.8_release#abi)
2016-02-25T00:37:51.645	INFO	BuildRuleStarted(//:nineoldandroids#abi)
2016-02-25T00:37:51.645	INFO	BuildRuleStarted(//:bugly_1.2.8_release#dex)
2016-02-25T00:37:51.645	INFO	BuildRuleSuspended(//:bugly_1.2.8_release#dex)
2016-02-25T00:37:51.645	INFO	BuildRuleStarted(//:android-support-v7-recyclerview#dex)
2016-02-25T00:37:51.645	INFO	BuildRuleSuspended(//:android-support-v7-recyclerview#dex)
2016-02-25T00:37:51.645	INFO	BuildRuleStarted(//:android-support-v7-palette#dex)
2016-02-25T00:37:51.645	INFO	BuildRuleSuspended(//:android-support-v7-palette#dex)
2016-02-25T00:37:51.645	INFO	BuildRuleStarted(//:android-support-v7-cardview#dex)
2016-02-25T00:37:51.645	INFO	BuildRuleSuspended(//:android-support-v7-cardview#dex)
2016-02-25T00:37:51.645	INFO	BuildRuleStarted(//:android-support-v4#dex)
2016-02-25T00:37:51.646	INFO	BuildRuleSuspended(//:android-support-v4#dex)
2016-02-25T00:37:51.646	INFO	BuildRuleStarted(//:UIFrame#dex)
2016-02-25T00:37:51.646	INFO	BuildRuleSuspended(//:UIFrame#dex)
2016-02-25T00:37:51.646	INFO	BuildRuleStarted(//:Loader#dex)
2016-02-25T00:37:51.646	INFO	BuildRuleSuspended(//:Loader#dex)
2016-02-25T00:37:51.646	INFO	BuildRuleSuspended(//:nineoldandroids#abi)
2016-02-25T00:37:51.646	INFO	BuildRuleStarted(//:nineoldandroids)
2016-02-25T00:37:51.646	INFO	BuildRuleStarted(//:native_libs)
2016-02-25T00:37:51.646	INFO	BuildRuleSuspended(//:nineoldandroids)
2016-02-25T00:37:51.646	INFO	BuildRuleStarted(//:nineoldandroids#dex)
2016-02-25T00:37:51.646	INFO	BuildRuleSuspended(//:nineoldandroids#dex)
2016-02-25T00:37:51.646	INFO	BuildRuleStarted(//:debug_keystore)
2016-02-25T00:37:51.647	INFO	BuildRuleSuspended(//:debug_keystore)
2016-02-25T00:37:51.648	INFO	BuildRuleSuspended(//:native_libs)
2016-02-25T00:37:51.648	INFO	BuildRuleStarted(//:debug#copy_native_libs)
2016-02-25T00:37:51.649	INFO	BuildRuleSuspended(//:debug#copy_native_libs)
2016-02-25T00:37:51.737	INFO	BuildRuleSuspended(//:res)
2016-02-25T00:37:51.737	INFO	BuildRuleStarted(//:debug#aapt_package)
2016-02-25T00:37:51.737	INFO	BuildRuleStarted(//:activity#dummy_r_dot_java)
2016-02-25T00:37:51.737	INFO	BuildRuleSuspended(//:activity#dummy_r_dot_java)
2016-02-25T00:37:51.737	INFO	BuildRuleStarted(//:activity#abi,dummy_r_dot_java)
2016-02-25T00:37:51.738	INFO	BuildRuleSuspended(//:activity#abi,dummy_r_dot_java)
2016-02-25T00:37:51.738	INFO	BuildRuleStarted(//:activity)
2016-02-25T00:37:51.746	INFO	BuildRuleSuspended(//:debug#aapt_package)
2016-02-25T00:37:51.801	INFO	BuildRuleSuspended(//:activity)
2016-02-25T00:37:51.801	INFO	BuildRuleStarted(//:activity#dex)
2016-02-25T00:37:51.802	INFO	BuildRuleSuspended(//:activity#dex)
2016-02-25T00:37:51.802	INFO	BuildRuleStarted(//:debug#dex_merge)
2016-02-25T00:37:51.802	INFO	BuildRuleSuspended(//:debug#dex_merge)
2016-02-25T00:37:51.802	INFO	BuildRuleStarted(//:debug)
2016-02-25T00:37:51.804	INFO	BuildRuleSuspended(//:debug)
2016-02-25T00:37:51.804	INFO	BuildRuleResumed(//:debug)
2016-02-25T00:37:51.805	INFO	BuildRuleSuspended(//:debug)
2016-02-25T00:37:51.806	INFO	BuildRuleResumed(//:android-support-v7-cardview)
2016-02-25T00:37:51.807	INFO	BuildRuleFinished(//:android-support-v7-cardview): SUCCESS LOCAL_KEY_UNCHANGED_HIT MATCHING_RULE_KEY 469d4666548dff5817cddf0add6ca54984253b24
2016-02-25T00:37:51.807	INFO	BuildRuleResumed(//:debug#copy_native_libs)
2016-02-25T00:37:51.807	INFO	BuildRuleResumed(//:bugly_1.2.8_release)
2016-02-25T00:37:51.808	INFO	BuildRuleFinished(//:debug#copy_native_libs): SUCCESS LOCAL_KEY_UNCHANGED_HIT MATCHING_RULE_KEY 1ef397b5bcf80619034c37110b96d7070d4fc5f9
2016-02-25T00:37:51.808	INFO	BuildRuleResumed(//:android-support-v7-palette)
2016-02-25T00:37:51.808	INFO	BuildRuleResumed(//:android-support-v7-recyclerview)
2016-02-25T00:37:51.809	INFO	BuildRuleFinished(//:android-support-v7-palette): SUCCESS LOCAL_KEY_UNCHANGED_HIT MATCHING_RULE_KEY 6ac66abefb086b219545501c7c9dfc42bb037d27
2016-02-25T00:37:51.809	INFO	BuildRuleResumed(//:Loader)
2016-02-25T00:37:51.809	INFO	BuildRuleFinished(//:android-support-v7-recyclerview): SUCCESS LOCAL_KEY_UNCHANGED_HIT MATCHING_RULE_KEY 9ebfeba15292002e1158ffcdb2f69d5039c9dcb4
2016-02-25T00:37:51.809	INFO	BuildRuleResumed(//:android-support-v4)
2016-02-25T00:37:51.818	INFO	BuildRuleResumed(//:UIFrame)
2016-02-25T00:37:51.819	INFO	BuildRuleFinished(//:UIFrame): SUCCESS LOCAL_KEY_UNCHANGED_HIT MATCHING_RULE_KEY 72d3543406a5521e06f20cbfc3a68833cfbd41c0
2016-02-25T00:37:51.819	INFO	BuildRuleResumed(//:debug#aapt_package)
2016-02-25T00:37:51.820	INFO	BuildRuleFinished(//:debug#aapt_package): SUCCESS LOCAL_KEY_UNCHANGED_HIT MATCHING_RULE_KEY 6862e5c21c3ad209b6e75bd2fb7d38aac69c04d5
2016-02-25T00:37:51.820	INFO	BuildRuleFinished(//:android-support-v4): SUCCESS LOCAL_KEY_UNCHANGED_HIT MATCHING_RULE_KEY 4622ffe22ae54879cf631b122688f830b09956e2
2016-02-25T00:37:51.820	INFO	BuildRuleResumed(//:nineoldandroids)
2016-02-25T00:37:51.820	INFO	BuildRuleResumed(//:debug#dex_merge)
2016-02-25T00:37:51.820	INFO	BuildRuleResumed(//:activity)
2016-02-25T00:37:51.821	INFO	BuildRuleSuspended(//:debug#dex_merge)
2016-02-25T00:37:51.821	INFO	BuildRuleResumed(//:activity#dex)
2016-02-25T00:37:51.821	INFO	BuildRuleFinished(//:nineoldandroids): SUCCESS LOCAL_KEY_UNCHANGED_HIT MATCHING_RULE_KEY 49d58a24428a8422ddafdf87f5d82bbfba96130b
2016-02-25T00:37:51.822	INFO	BuildRuleResumed(//:bugly_1.2.8_release#dex)
2016-02-25T00:37:51.822	INFO	BuildRuleSuspended(//:activity#dex)
2016-02-25T00:37:51.822	INFO	BuildRuleResumed(//:android-support-v7-cardview#dex)
2016-02-25T00:37:51.827	INFO	BuildRuleFinished(//:android-support-v7-cardview#dex): SUCCESS LOCAL_KEY_UNCHANGED_HIT MATCHING_RULE_KEY 76bd8e48d595f7aa9a8f2e59812a68f2c6e80dbe
2016-02-25T00:37:51.827	INFO	BuildRuleResumed(//:android-support-v4#dex)
2016-02-25T00:37:51.827	INFO	BuildRuleFinished(//:bugly_1.2.8_release#dex): SUCCESS LOCAL_KEY_UNCHANGED_HIT MATCHING_RULE_KEY f414fcd66bab8c47d93f981f5b166c581eec010a
2016-02-25T00:37:51.827	INFO	BuildRuleResumed(//:nineoldandroids#dex)
2016-02-25T00:37:51.828	INFO	BuildRuleFinished(//:nineoldandroids#dex): SUCCESS LOCAL_KEY_UNCHANGED_HIT MATCHING_RULE_KEY e1ed9e89a9603c94bf5a3e5aa293fdbd888ed856
2016-02-25T00:37:51.829	INFO	BuildRuleResumed(//:android-support-v7-palette#dex)
2016-02-25T00:37:51.829	INFO	BuildRuleFinished(//:android-support-v7-palette#dex): SUCCESS LOCAL_KEY_UNCHANGED_HIT MATCHING_RULE_KEY 9161f084ce51b761dff17ae4a0a3136ead780669
2016-02-25T00:37:51.829	INFO	BuildRuleResumed(//:Loader#dex)
2016-02-25T00:37:51.830	INFO	BuildRuleFinished(//:Loader#dex): SUCCESS LOCAL_KEY_UNCHANGED_HIT MATCHING_RULE_KEY e72bf802459d15ac56b34b0ce803b15bd56826d4
2016-02-25T00:37:51.830	INFO	BuildRuleResumed(//:UIFrame#dex)
2016-02-25T00:37:51.831	INFO	BuildRuleFinished(//:android-support-v4#dex): SUCCESS LOCAL_KEY_UNCHANGED_HIT MATCHING_RULE_KEY 182d02ec5959f6434ab9b9906b6e6b67c7e4af62
2016-02-25T00:37:51.831	INFO	BuildRuleResumed(//:android-support-v7-recyclerview#dex)
2016-02-25T00:37:51.832	INFO	BuildRuleFinished(//:UIFrame#dex): SUCCESS LOCAL_KEY_UNCHANGED_HIT MATCHING_RULE_KEY 3e580fe2f4564dc85dede771658a2a83707d26fb
2016-02-25T00:37:51.832	INFO	BuildRuleResumed(//:debug_keystore)
2016-02-25T00:37:51.832	INFO	BuildRuleFinished(//:android-support-v7-recyclerview#dex): SUCCESS LOCAL_KEY_UNCHANGED_HIT MATCHING_RULE_KEY e4c11d2bc213bcdafd30df66101d8c2bfb6348cb
2016-02-25T00:37:51.832	INFO	BuildRuleFinished(//:debug_keystore): SUCCESS LOCAL_KEY_UNCHANGED_HIT MATCHING_RULE_KEY 71c4e87763d9679cf0157773b66e1b1ef7798949
2016-02-25T00:37:51.833	INFO	BuildRuleFinished(//:bugly_1.2.8_release): SUCCESS LOCAL_KEY_UNCHANGED_HIT MATCHING_RULE_KEY d265c27d4ff06227cfbda6c53e04f81555d746f1
2016-02-25T00:37:51.835	INFO	BuildRuleFinished(//:Loader): SUCCESS LOCAL_KEY_UNCHANGED_HIT MATCHING_RULE_KEY 33f481488a314bf2ab01a463ea750e76d25224e3
2016-02-25T00:37:51.835	INFO	BuildRuleSuspended(//:activity)
2016-02-25T00:37:51.837	INFO	BuildRuleResumed(//:android-support-v7-cardview#abi)
2016-02-25T00:37:51.837	INFO	BuildRuleResumed(//:UIFrame#abi)
2016-02-25T00:37:51.837	INFO	BuildRuleFinished(//:android-support-v7-cardview#abi): SUCCESS LOCAL_KEY_UNCHANGED_HIT MATCHING_RULE_KEY 18b3c1392184b5574ec2c174b39912d2a8a04779 I18b3c1392184b5574ec2c174b39912d2a8a04779
2016-02-25T00:37:51.838	INFO	BuildRuleResumed(//:bugly_1.2.8_release#abi)
2016-02-25T00:37:51.838	INFO	BuildRuleFinished(//:UIFrame#abi): SUCCESS LOCAL_KEY_UNCHANGED_HIT MATCHING_RULE_KEY 971f0042680d0d65b22ba54346b888b654929372 I971f0042680d0d65b22ba54346b888b654929372
2016-02-25T00:37:51.838	INFO	BuildRuleResumed(//:android-support-v4#abi)
2016-02-25T00:37:51.838	INFO	BuildRuleFinished(//:bugly_1.2.8_release#abi): SUCCESS LOCAL_KEY_UNCHANGED_HIT MATCHING_RULE_KEY e0e8e5922e9cdee9858225840b84f5d8040153be Ie0e8e5922e9cdee9858225840b84f5d8040153be
2016-02-25T00:37:51.838	INFO	BuildRuleResumed(//:IMyService)
2016-02-25T00:37:51.838	INFO	BuildRuleFinished(//:android-support-v4#abi): SUCCESS LOCAL_KEY_UNCHANGED_HIT MATCHING_RULE_KEY dc12946c9c16ada16cc0dd2cbcdcd75f5c1c805c Idc12946c9c16ada16cc0dd2cbcdcd75f5c1c805c
2016-02-25T00:37:51.838	INFO	BuildRuleFinished(//:IMyService): SUCCESS LOCAL_KEY_UNCHANGED_HIT MATCHING_RULE_KEY aa983a20ad03e8f6b8e50247390de768f0858540
2016-02-25T00:37:51.839	INFO	BuildRuleResumed(//:Loader#abi)
2016-02-25T00:37:51.839	INFO	BuildRuleResumed(//:native_libs)
2016-02-25T00:37:51.839	INFO	BuildRuleFinished(//:native_libs): SUCCESS LOCAL_KEY_UNCHANGED_HIT MATCHING_RULE_KEY b239c24f71f5e0f3913081f17522a26f84ea1938
2016-02-25T00:37:51.839	INFO	BuildRuleResumed(//:android-support-v7-palette#abi)
2016-02-25T00:37:51.839	INFO	BuildRuleResumed(//:activity#dummy_r_dot_java)
2016-02-25T00:37:51.840	INFO	BuildRuleFinished(//:activity#dummy_r_dot_java): SUCCESS LOCAL_KEY_UNCHANGED_HIT MATCHING_RULE_KEY 77a10b16748a329e1e305ccadd1f31b274b0ca9f
2016-02-25T00:37:51.840	INFO	BuildRuleResumed(//:nineoldandroids#abi)
2016-02-25T00:37:51.840	INFO	BuildRuleFinished(//:android-support-v7-palette#abi): SUCCESS LOCAL_KEY_UNCHANGED_HIT MATCHING_RULE_KEY 3752c6707009c9fc8aa49ee57543ee3610bc9757 I3752c6707009c9fc8aa49ee57543ee3610bc9757
2016-02-25T00:37:51.840	INFO	BuildRuleFinished(//:Loader#abi): SUCCESS LOCAL_KEY_UNCHANGED_HIT MATCHING_RULE_KEY 7220263ac83d6e30f783ecb2c42c9e28a3f623a4 I7220263ac83d6e30f783ecb2c42c9e28a3f623a4
2016-02-25T00:37:51.841	INFO	BuildRuleResumed(//:android-support-v7-recyclerview#abi)
2016-02-25T00:37:51.841	INFO	BuildRuleFinished(//:android-support-v7-recyclerview#abi): SUCCESS LOCAL_KEY_UNCHANGED_HIT MATCHING_RULE_KEY bc91815795e89d24962adc8c864fa124a1cdf6be Ibc91815795e89d24962adc8c864fa124a1cdf6be
2016-02-25T00:37:51.841	INFO	BuildRuleResumed(//:aidl)
2016-02-25T00:37:51.841	INFO	BuildRuleFinished(//:aidl): SUCCESS LOCAL_KEY_UNCHANGED_HIT MATCHING_RULE_KEY d5574cb025ec5573c5f190508906412f16243730
2016-02-25T00:37:51.842	INFO	BuildRuleResumed(//:activity#abi,dummy_r_dot_java)
2016-02-25T00:37:51.842	INFO	BuildRuleFinished(//:activity#abi,dummy_r_dot_java): SUCCESS LOCAL_KEY_UNCHANGED_HIT MATCHING_RULE_KEY 453b41fb3bb5833dd7ba445137f323f54fba2b82 I53edb85e599f3627dc7ebd6bf68c98bd978eda7a
2016-02-25T00:37:51.842	INFO	BuildRuleResumed(//:res)
2016-02-25T00:37:51.842	INFO	BuildRuleFinished(//:nineoldandroids#abi): SUCCESS LOCAL_KEY_UNCHANGED_HIT MATCHING_RULE_KEY 3fa14caf28e90dc0b5907270dcc363b5388eb547 I3fa14caf28e90dc0b5907270dcc363b5388eb547
2016-02-25T00:37:51.843	INFO	BuildRuleFinished(//:res): SUCCESS LOCAL_KEY_UNCHANGED_HIT MATCHING_RULE_KEY 6720d824ed659debf527bab93593bd7dbe70efb9 I6720d824ed659debf527bab93593bd7dbe70efb9
2016-02-25T00:37:51.848	INFO	BuildRuleResumed(//:activity)
2016-02-25T00:37:56.243	INFO	BuildRuleResumed(//:activity#dex)
2016-02-25T00:37:56.258	INFO	BuildRuleFinished(//:activity): SUCCESS MISS BUILT_LOCALLY 6e94010c63df0f8d5c1c133b7aac5742f6506927 I4ac69e0869148ba4a39627cea3a4101830d67a59
2016-02-25T00:38:00.933	INFO	BuildRuleResumed(//:debug#dex_merge)
2016-02-25T00:38:01.051	INFO	BuildRuleFinished(//:activity#dex): SUCCESS MISS BUILT_LOCALLY 666d8cb35991e156dd49a81df63b55bb084a363f
2016-02-25T00:38:02.251	INFO	BuildRuleResumed(//:debug)
2016-02-25T00:38:02.352	INFO	BuildRuleFinished(//:debug#dex_merge): SUCCESS MISS BUILT_LOCALLY f57b4cfd2041e6843cd209a0f206c9f76eb734d2
2016-02-25T00:38:05.072	INFO	BuildRuleFinished(//:debug): SUCCESS MISS BUILT_LOCALLY 9554ccbc259e56ab2d69d7be5f663921b1ce16f2
2016-02-25T00:38:05.080	INFO	Build finished
