[2016-02-23 09:07:37.404][debug][command:1d6c8b26-5860-4580-a3d9-492901d20909][tid:356][com.facebook.buck.cli.Main] Starting up (build date 1970-01-01 07:59:59 +0800, rev b7a7b9a85fa5c5dd2ff9ef062bb96b45e92b4448), args: [install, run, app]
[2016-02-23 09:07:37.409][debug][command:1d6c8b26-5860-4580-a3d9-492901d20909][tid:356][com.facebook.buck.cli.Main] System properties: {java.vendor=Oracle Corporation, sun.java.launcher=SUN_STANDARD, sun.management.compiler=HotSpot 64-Bit Tiered Compilers, jnidispatch.path=/Users/apple/Documents/MyApp/hongbao/.buckd/tmp/buck_run.O4MTWp/jna-93029210/jna2336485544085413124.tmp, os.name=Mac OS X, buck.enable_objc=true, sun.boot.class.path=/Library/Java/JavaVirtualMachines/jdk1.8.0_31.jdk/Contents/Home/jre/lib/resources.jar:/Library/Java/JavaVirtualMachines/jdk1.8.0_31.jdk/Contents/Home/jre/lib/rt.jar:/Library/Java/JavaVirtualMachines/jdk1.8.0_31.jdk/Contents/Home/jre/lib/sunrsasign.jar:/Library/Java/JavaVirtualMachines/jdk1.8.0_31.jdk/Contents/Home/jre/lib/jsse.jar:/Library/Java/JavaVirtualMachines/jdk1.8.0_31.jdk/Contents/Home/jre/lib/jce.jar:/Library/Java/JavaVirtualMachines/jdk1.8.0_31.jdk/Contents/Home/jre/lib/charsets.jar:/Library/Java/JavaVirtualMachines/jdk1.8.0_31.jdk/Contents/Home/jre/lib/jfr.jar:/Library/Java/JavaVirtualMachines/jdk1.8.0_31.jdk/Contents/Home/jre/classes, java.vm.specification.vendor=Oracle Corporation, java.runtime.version=1.8.0_31-b13, buck.path_to_intellij_py=/Users/apple/Documents/MyApp/hongbao/.buckd/resources/b7a7b9a85fa5c5dd2ff9ef062bb96b45e92b4448/path_to_intellij_py, jna.loaded=true, buck.testrunner_classes=/Users/apple/Documents/MyApp/hongbao/.buckd/resources/b7a7b9a85fa5c5dd2ff9ef062bb96b45e92b4448/testrunner_classes, buck.logging_config_file=/Users/apple/Documents/MyApp/hongbao/.buckd/resources/b7a7b9a85fa5c5dd2ff9ef062bb96b45e92b4448/logging_config_file, buck.path_to_sh_binary_template=/Users/apple/Documents/MyApp/hongbao/.buckd/resources/b7a7b9a85fa5c5dd2ff9ef062bb96b45e92b4448/path_to_sh_binary_template, user.name=apple, buck.path_to_pywatchman=/Users/apple/Documents/MyApp/hongbao/.buckd/resources/b7a7b9a85fa5c5dd2ff9ef062bb96b45e92b4448/path_to_pywatchman, buck.report_generator_jar=/Users/apple/Documents/MyApp/hongbao/.buckd/resources/b7a7b9a85fa5c5dd2ff9ef062bb96b45e92b4448/report_generator_jar, buck.git_commit=b7a7b9a85fa5c5dd2ff9ef062bb96b45e92b4448, user.language=zh, sun.boot.library.path=/Library/Java/JavaVirtualMachines/jdk1.8.0_31.jdk/Contents/Home/jre/lib, java.version=1.8.0_31, user.timezone=Asia/Chongqing, buck.test_util_no_tests_dir=true, sun.arch.data.model=64, http.nonProxyHosts=local|*.local|169.254/16|*.169.254/16, java.endorsed.dirs=/Library/Java/JavaVirtualMachines/jdk1.8.0_31.jdk/Contents/Home/jre/lib/endorsed, sun.cpu.isalist=, sun.jnu.encoding=UTF-8, file.encoding.pkg=sun.io, file.separator=/, java.specification.name=Java Platform API Specification, buck.jacoco_agent_jar=/Users/apple/Documents/MyApp/hongbao/.buckd/resources/b7a7b9a85fa5c5dd2ff9ef062bb96b45e92b4448/jacoco_agent_jar, java.class.version=52.0, user.country=CN, java.home=/Library/Java/JavaVirtualMachines/jdk1.8.0_31.jdk/Contents/Home/jre, java.vm.info=mixed mode, os.version=10.11.2, buck.version_uid=b7a7b9a85fa5c5dd2ff9ef062bb96b45e92b4448, org.eclipse.jetty.util.log.class=org.eclipse.jetty.util.log.JavaUtilLog, path.separator=:, java.vm.version=25.31-b07, java.awt.printerjob=sun.lwawt.macosx.CPrinterJob, sun.io.unicode.encoding=UnicodeBig, awt.toolkit=sun.lwawt.macosx.LWCToolkit, socksNonProxyHosts=local|*.local|169.254/16|*.169.254/16, ftp.nonProxyHosts=local|*.local|169.254/16|*.169.254/16, buck.dx=/Users/apple/Documents/MyApp/hongbao/.buckd/resources/b7a7b9a85fa5c5dd2ff9ef062bb96b45e92b4448/dx, buck.git_commit_timestamp=-1, user.home=/Users/apple, buck.path_to_asm_jar=/Users/apple/Documents/MyApp/hongbao/.buckd/resources/b7a7b9a85fa5c5dd2ff9ef062bb96b45e92b4448/path_to_asm_jar, java.specification.vendor=Oracle Corporation, buck.git_dirty=0, java.library.path=/Users/apple/Documents/MyApp/hongbao/.buckd/resources/b7a7b9a85fa5c5dd2ff9ef062bb96b45e92b4448, java.vendor.url=http://java.oracle.com/, java.vm.vendor=Oracle Corporation, gopherProxySet=false, java.runtime.name=Java(TM) SE Runtime Environment, sun.java.command=com.facebook.buck.cli.bootstrapper.ClassLoaderBootstrapper com.martiansoftware.nailgun.NGServer local:.buckd/sock 60000, java.class.path=/Users/apple/Documents/MyApp/hongbao/.buckd/resources/b7a7b9a85fa5c5dd2ff9ef062bb96b45e92b4448/bootstrapper_jar, buck.buckd_dir=/Users/apple/Documents/MyApp/hongbao/.buckd, buck.path_to_pathlib_py=/Users/apple/Documents/MyApp/hongbao/.buckd/resources/b7a7b9a85fa5c5dd2ff9ef062bb96b45e92b4448/pathlib.py, buck.buckd_launch_time_nanos=1595669186399, java.vm.specification.name=Java Virtual Machine Specification, com.martiansoftware.nailgun.NGServer.outputPath=/Users/apple/Documents/MyApp/hongbao/.buckd/tmp/buck_run.O4MTWp/ngserver-out, java.vm.specification.version=1.8, sun.cpu.endian=little, sun.os.patch.level=unknown, java.awt.headless=true, java.io.tmpdir=/Users/apple/Documents/MyApp/hongbao/.buckd/tmp/buck_run.O4MTWp, buck.android_agent_path=/Users/apple/Documents/MyApp/hongbao/.buckd/resources/b7a7b9a85fa5c5dd2ff9ef062bb96b45e92b4448/android_agent_path, java.vendor.url.bug=http://bugreport.sun.com/bugreport/, jna.platform.library.path=/usr/lib:/usr/lib, os.arch=x86_64, java.awt.graphicsenv=sun.awt.CGraphicsEnvironment, buck.path_to_pex=/Users/apple/Documents/MyApp/hongbao/.buckd/resources/b7a7b9a85fa5c5dd2ff9ef062bb96b45e92b4448/path_to_pex, java.ext.dirs=/Users/apple/Library/Java/Extensions:/Library/Java/JavaVirtualMachines/jdk1.8.0_31.jdk/Contents/Home/jre/lib/ext:/Library/Java/Extensions:/Network/Library/Java/Extensions:/System/Library/Java/Extensions:/usr/lib/java, java.util.logging.config.class=com.facebook.buck.cli.bootstrapper.LogConfig, user.dir=/Users/apple/Documents/MyApp/hongbao, line.separator=
, java.vm.name=Java HotSpot(TM) 64-Bit Server VM, buck.native_exopackage_fake_path=/Users/apple/Documents/MyApp/hongbao/.buckd/resources/b7a7b9a85fa5c5dd2ff9ef062bb96b45e92b4448/native_exopackage_fake_path, file.encoding=UTF-8, java.specification.version=1.8}
[2016-02-23 09:07:37.424][debug][command:1d6c8b26-5860-4580-a3d9-492901d20909][tid:356][com.facebook.buck.cli.Config] Loaded a configuration file /Users/apple/Documents/MyApp/hongbao/.buckconfig: {alias={app=//:app}, java={src_roots=/src/, test_target=':tests',, test_root='tests',}, project={default_android_manifest=src/main/AndroidManifest.xml}, android={target=android-19}}
[2016-02-23 09:07:37.425][debug][command:1d6c8b26-5860-4580-a3d9-492901d20909][tid:356][com.facebook.buck.cli.Config] Adding configuration overrides: {}
[2016-02-23 09:07:37.426][info ][command:1d6c8b26-5860-4580-a3d9-492901d20909][tid:356][com.facebook.buck.io.Watchman] Creating for: .
[2016-02-23 09:07:37.427][debug][command:1d6c8b26-5860-4580-a3d9-492901d20909][tid:356][com.facebook.buck.util.ListeningProcessExecutor] Launching process with params ProcessExecutorParams{command=[/usr/local/bin/watchman, --output-encoding=bser, get-sockname], directory=Optional.absent(), environment=Optional.absent(), redirectInput=Optional.absent(), redirectOutput=Optional.absent(), redirectError=Optional.absent()}
[2016-02-23 09:07:37.433][debug][command:1d6c8b26-5860-4580-a3d9-492901d20909][tid:356][com.facebook.buck.util.ListeningProcessExecutor] Successfully launched process com.zaxxer.nuprocess.osx.OsxProcess@314080ca
[2016-02-23 09:07:37.433][debug][command:1d6c8b26-5860-4580-a3d9-492901d20909][tid:356][com.facebook.buck.util.ListeningProcessExecutor] Waiting for process com.facebook.buck.util.ListeningProcessExecutor$LaunchedProcessImpl@75f5da3e timeout 1000000000 NANOSECONDS
[2016-02-23 09:07:37.440][debug][command:1d6c8b26-5860-4580-a3d9-492901d20909][tid:356][com.facebook.buck.util.ListeningProcessExecutor] Wait for process returned 5
[2016-02-23 09:07:37.440][error][command:1d6c8b26-5860-4580-a3d9-492901d20909][tid:356][com.facebook.buck.io.Watchman] Error 5 executing get-sockname
[2016-02-23 09:07:37.441][debug][command:1d6c8b26-5860-4580-a3d9-492901d20909][tid:356][com.facebook.buck.cli.Main] Watchman capabilities: [] Watch root: Optional.absent() Project prefix: Optional.absent() Glob handler config: PYTHON 
[2016-02-23 09:07:37.462][debug][command:1d6c8b26-5860-4580-a3d9-492901d20909][tid:356][com.facebook.buck.apple.AppleToolchainDiscovery] Searching for Xcode toolchains under /Applications/Xcode.app/Contents/Developer/Toolchains
[2016-02-23 09:07:37.462][debug][command:1d6c8b26-5860-4580-a3d9-492901d20909][tid:356][com.facebook.buck.apple.AppleToolchainDiscovery] Searching for Xcode toolchains in /Applications/Xcode.app/Contents/Developer/Toolchains
[2016-02-23 09:07:37.462][debug][command:1d6c8b26-5860-4580-a3d9-492901d20909][tid:356][com.facebook.buck.apple.AppleToolchainDiscovery] Getting identifier for for Xcode toolchain under /Applications/Xcode.app/Contents/Developer/Toolchains/XcodeDefault.xctoolchain
[2016-02-23 09:07:37.465][debug][command:1d6c8b26-5860-4580-a3d9-492901d20909][tid:356][com.facebook.buck.apple.AppleToolchainDiscovery] Mapped SDK identifier com.apple.dt.toolchain.XcodeDefault to path /Applications/Xcode.app/Contents/Developer/Toolchains/XcodeDefault.xctoolchain
[2016-02-23 09:07:37.465][debug][command:1d6c8b26-5860-4580-a3d9-492901d20909][tid:356][com.facebook.buck.apple.AppleSdkDiscovery] Searching for Xcode platforms under /Applications/Xcode.app/Contents/Developer/Platforms
[2016-02-23 09:07:37.465][debug][command:1d6c8b26-5860-4580-a3d9-492901d20909][tid:356][com.facebook.buck.apple.AppleSdkDiscovery] Searching for Xcode SDKs in /Applications/Xcode.app/Contents/Developer/Platforms
[2016-02-23 09:07:37.466][debug][command:1d6c8b26-5860-4580-a3d9-492901d20909][tid:356][com.facebook.buck.apple.AppleSdkDiscovery] Fetching SDK name for /Applications/Xcode.app/Contents/Developer/Platforms/iPhoneOS.platform/Developer/SDKs/iPhoneOS.sdk
[2016-02-23 09:07:37.467][debug][command:1d6c8b26-5860-4580-a3d9-492901d20909][tid:356][com.facebook.buck.apple.AppleSdkDiscovery] Specified toolchain com.apple.dt.toolchain.iOS9_0 not found for SDK path /Applications/Xcode.app/Contents/Developer/Platforms/iPhoneOS.platform/Developer/SDKs/iPhoneOS.sdk
[2016-02-23 09:07:37.467][debug][command:1d6c8b26-5860-4580-a3d9-492901d20909][tid:356][com.facebook.buck.apple.AppleSdkDiscovery] Found SDK AppleSdk{name=iphoneos9.0, version=9.0, applePlatform=ApplePlatform{name=iphoneos, architectures=[armv7, arm64], minVersionFlagPrefix=-mios-version-min=, stubBinaryPath=Optional.absent(), appIncludesFrameworks=false}, architectures=[armv7, arm64], toolchains=[AppleToolchain{identifier=com.apple.dt.toolchain.XcodeDefault, version=15A268, path=/Applications/Xcode.app/Contents/Developer/Toolchains/XcodeDefault.xctoolchain}]}
[2016-02-23 09:07:37.467][debug][command:1d6c8b26-5860-4580-a3d9-492901d20909][tid:356][com.facebook.buck.apple.AppleSdkDiscovery] Fetching SDK name for /Applications/Xcode.app/Contents/Developer/Platforms/iPhoneOS.platform/Developer/SDKs/iPhoneOS9.0.sdk
[2016-02-23 09:07:37.468][debug][command:1d6c8b26-5860-4580-a3d9-492901d20909][tid:356][com.facebook.buck.apple.AppleSdkDiscovery] Skipping already scanned SDK directory /Applications/Xcode.app/Contents/Developer/Platforms/iPhoneOS.platform/Developer/SDKs/iPhoneOS.sdk
[2016-02-23 09:07:37.468][debug][command:1d6c8b26-5860-4580-a3d9-492901d20909][tid:356][com.facebook.buck.apple.AppleSdkDiscovery] Fetching SDK name for /Applications/Xcode.app/Contents/Developer/Platforms/iPhoneSimulator.platform/Developer/SDKs/iPhoneSimulator.sdk
[2016-02-23 09:07:37.473][debug][command:1d6c8b26-5860-4580-a3d9-492901d20909][tid:356][com.facebook.buck.apple.AppleSdkDiscovery] Specified toolchain com.apple.dt.toolchain.iOS9_0 not found for SDK path /Applications/Xcode.app/Contents/Developer/Platforms/iPhoneSimulator.platform/Developer/SDKs/iPhoneSimulator.sdk
[2016-02-23 09:07:37.473][debug][command:1d6c8b26-5860-4580-a3d9-492901d20909][tid:356][com.facebook.buck.apple.AppleSdkDiscovery] Found SDK AppleSdk{name=iphonesimulator9.0, version=9.0, applePlatform=ApplePlatform{name=iphonesimulator, architectures=[i386, x86_64], minVersionFlagPrefix=-mios-simulator-version-min=, stubBinaryPath=Optional.absent(), appIncludesFrameworks=false}, architectures=[i386, x86_64], toolchains=[AppleToolchain{identifier=com.apple.dt.toolchain.XcodeDefault, version=15A268, path=/Applications/Xcode.app/Contents/Developer/Toolchains/XcodeDefault.xctoolchain}]}
[2016-02-23 09:07:37.473][debug][command:1d6c8b26-5860-4580-a3d9-492901d20909][tid:356][com.facebook.buck.apple.AppleSdkDiscovery] Fetching SDK name for /Applications/Xcode.app/Contents/Developer/Platforms/iPhoneSimulator.platform/Developer/SDKs/iPhoneSimulator9.0.sdk
[2016-02-23 09:07:37.473][debug][command:1d6c8b26-5860-4580-a3d9-492901d20909][tid:356][com.facebook.buck.apple.AppleSdkDiscovery] Skipping already scanned SDK directory /Applications/Xcode.app/Contents/Developer/Platforms/iPhoneSimulator.platform/Developer/SDKs/iPhoneSimulator.sdk
[2016-02-23 09:07:37.474][debug][command:1d6c8b26-5860-4580-a3d9-492901d20909][tid:356][com.facebook.buck.apple.AppleSdkDiscovery] Fetching SDK name for /Applications/Xcode.app/Contents/Developer/Platforms/MacOSX.platform/Developer/SDKs/MacOSX10.11.sdk
[2016-02-23 09:07:37.476][debug][command:1d6c8b26-5860-4580-a3d9-492901d20909][tid:356][com.facebook.buck.apple.AppleSdkDiscovery] Found SDK AppleSdk{name=macosx10.11, version=10.11, applePlatform=ApplePlatform{name=macosx, architectures=[i386, x86_64], minVersionFlagPrefix=-mmacosx-version-min=, stubBinaryPath=Optional.absent(), appIncludesFrameworks=true}, architectures=[i386, x86_64], toolchains=[AppleToolchain{identifier=com.apple.dt.toolchain.XcodeDefault, version=15A268, path=/Applications/Xcode.app/Contents/Developer/Toolchains/XcodeDefault.xctoolchain}]}
[2016-02-23 09:07:37.477][debug][command:1d6c8b26-5860-4580-a3d9-492901d20909][tid:356][com.facebook.buck.apple.AppleSdkDiscovery] Fetching SDK name for /Applications/Xcode.app/Contents/Developer/Platforms/WatchOS.platform/Developer/SDKs/WatchOS.sdk
[2016-02-23 09:07:37.478][debug][command:1d6c8b26-5860-4580-a3d9-492901d20909][tid:356][com.facebook.buck.apple.AppleSdkDiscovery] Specified toolchain com.apple.dt.toolchain.WatchOS2_0 not found for SDK path /Applications/Xcode.app/Contents/Developer/Platforms/WatchOS.platform/Developer/SDKs/WatchOS.sdk
[2016-02-23 09:07:37.479][debug][command:1d6c8b26-5860-4580-a3d9-492901d20909][tid:356][com.facebook.buck.apple.AppleSdkDiscovery] Found SDK AppleSdk{name=watchos2.0, version=2.0, applePlatform=ApplePlatform{name=watchos, architectures=[armv7k], minVersionFlagPrefix=-mwatchos-version-min=, stubBinaryPath=Optional.of(Library/Application Support/WatchKit/WK), appIncludesFrameworks=false}, architectures=[armv7k], toolchains=[AppleToolchain{identifier=com.apple.dt.toolchain.XcodeDefault, version=15A268, path=/Applications/Xcode.app/Contents/Developer/Toolchains/XcodeDefault.xctoolchain}]}
[2016-02-23 09:07:37.479][debug][command:1d6c8b26-5860-4580-a3d9-492901d20909][tid:356][com.facebook.buck.apple.AppleSdkDiscovery] Fetching SDK name for /Applications/Xcode.app/Contents/Developer/Platforms/WatchOS.platform/Developer/SDKs/WatchOS2.0.sdk
[2016-02-23 09:07:37.479][debug][command:1d6c8b26-5860-4580-a3d9-492901d20909][tid:356][com.facebook.buck.apple.AppleSdkDiscovery] Skipping already scanned SDK directory /Applications/Xcode.app/Contents/Developer/Platforms/WatchOS.platform/Developer/SDKs/WatchOS.sdk
[2016-02-23 09:07:37.480][debug][command:1d6c8b26-5860-4580-a3d9-492901d20909][tid:356][com.facebook.buck.apple.AppleSdkDiscovery] Fetching SDK name for /Applications/Xcode.app/Contents/Developer/Platforms/WatchSimulator.platform/Developer/SDKs/WatchSimulator.sdk
[2016-02-23 09:07:37.482][debug][command:1d6c8b26-5860-4580-a3d9-492901d20909][tid:356][com.facebook.buck.apple.AppleSdkDiscovery] Specified toolchain com.apple.dt.toolchain.WatchOS2_0 not found for SDK path /Applications/Xcode.app/Contents/Developer/Platforms/WatchSimulator.platform/Developer/SDKs/WatchSimulator.sdk
[2016-02-23 09:07:37.482][debug][command:1d6c8b26-5860-4580-a3d9-492901d20909][tid:356][com.facebook.buck.apple.AppleSdkDiscovery] Found SDK AppleSdk{name=watchsimulator2.0, version=2.0, applePlatform=ApplePlatform{name=watchsimulator, architectures=[i386], minVersionFlagPrefix=-mwatchos-simulator-version-min=, stubBinaryPath=Optional.of(Library/Application Support/WatchKit/WK), appIncludesFrameworks=false}, architectures=[i386], toolchains=[AppleToolchain{identifier=com.apple.dt.toolchain.XcodeDefault, version=15A268, path=/Applications/Xcode.app/Contents/Developer/Toolchains/XcodeDefault.xctoolchain}]}
[2016-02-23 09:07:37.483][debug][command:1d6c8b26-5860-4580-a3d9-492901d20909][tid:356][com.facebook.buck.apple.AppleSdkDiscovery] Fetching SDK name for /Applications/Xcode.app/Contents/Developer/Platforms/WatchSimulator.platform/Developer/SDKs/WatchSimulator2.0.sdk
[2016-02-23 09:07:37.483][debug][command:1d6c8b26-5860-4580-a3d9-492901d20909][tid:356][com.facebook.buck.apple.AppleSdkDiscovery] Skipping already scanned SDK directory /Applications/Xcode.app/Contents/Developer/Platforms/WatchSimulator.platform/Developer/SDKs/WatchSimulator.sdk
[2016-02-23 09:07:37.483][debug][command:1d6c8b26-5860-4580-a3d9-492901d20909][tid:356][com.facebook.buck.rules.KnownBuildRuleTypes] SDK AppleSdk{name=iphoneos9.0, version=9.0, applePlatform=ApplePlatform{name=iphoneos, architectures=[armv7, arm64], minVersionFlagPrefix=-mios-version-min=, stubBinaryPath=Optional.absent(), appIncludesFrameworks=false}, architectures=[armv7, arm64], toolchains=[AppleToolchain{identifier=com.apple.dt.toolchain.XcodeDefault, version=15A268, path=/Applications/Xcode.app/Contents/Developer/Toolchains/XcodeDefault.xctoolchain}]} using default version 9.0
[2016-02-23 09:07:37.496][debug][command:1d6c8b26-5860-4580-a3d9-492901d20909][tid:356][com.facebook.buck.rules.KnownBuildRuleTypes] SDK AppleSdk{name=iphonesimulator9.0, version=9.0, applePlatform=ApplePlatform{name=iphonesimulator, architectures=[i386, x86_64], minVersionFlagPrefix=-mios-simulator-version-min=, stubBinaryPath=Optional.absent(), appIncludesFrameworks=false}, architectures=[i386, x86_64], toolchains=[AppleToolchain{identifier=com.apple.dt.toolchain.XcodeDefault, version=15A268, path=/Applications/Xcode.app/Contents/Developer/Toolchains/XcodeDefault.xctoolchain}]} using default version 9.0
[2016-02-23 09:07:37.503][debug][command:1d6c8b26-5860-4580-a3d9-492901d20909][tid:356][com.facebook.buck.rules.KnownBuildRuleTypes] SDK AppleSdk{name=macosx10.11, version=10.11, applePlatform=ApplePlatform{name=macosx, architectures=[i386, x86_64], minVersionFlagPrefix=-mmacosx-version-min=, stubBinaryPath=Optional.absent(), appIncludesFrameworks=true}, architectures=[i386, x86_64], toolchains=[AppleToolchain{identifier=com.apple.dt.toolchain.XcodeDefault, version=15A268, path=/Applications/Xcode.app/Contents/Developer/Toolchains/XcodeDefault.xctoolchain}]} using default version 10.11
[2016-02-23 09:07:37.513][debug][command:1d6c8b26-5860-4580-a3d9-492901d20909][tid:356][com.facebook.buck.rules.KnownBuildRuleTypes] SDK AppleSdk{name=watchos2.0, version=2.0, applePlatform=ApplePlatform{name=watchos, architectures=[armv7k], minVersionFlagPrefix=-mwatchos-version-min=, stubBinaryPath=Optional.of(Library/Application Support/WatchKit/WK), appIncludesFrameworks=false}, architectures=[armv7k], toolchains=[AppleToolchain{identifier=com.apple.dt.toolchain.XcodeDefault, version=15A268, path=/Applications/Xcode.app/Contents/Developer/Toolchains/XcodeDefault.xctoolchain}]} using default version 2.0
[2016-02-23 09:07:37.521][debug][command:1d6c8b26-5860-4580-a3d9-492901d20909][tid:356][com.facebook.buck.rules.KnownBuildRuleTypes] SDK AppleSdk{name=watchsimulator2.0, version=2.0, applePlatform=ApplePlatform{name=watchsimulator, architectures=[i386], minVersionFlagPrefix=-mwatchos-simulator-version-min=, stubBinaryPath=Optional.of(Library/Application Support/WatchKit/WK), appIncludesFrameworks=false}, architectures=[i386], toolchains=[AppleToolchain{identifier=com.apple.dt.toolchain.XcodeDefault, version=15A268, path=/Applications/Xcode.app/Contents/Developer/Toolchains/XcodeDefault.xctoolchain}]} using default version 2.0
[2016-02-23 09:07:37.528][debug][command:1d6c8b26-5860-4580-a3d9-492901d20909][tid:356][com.facebook.buck.rules.KnownBuildRuleTypes] SDK AppleSdk{name=iphoneos, version=9.0, applePlatform=ApplePlatform{name=iphoneos, architectures=[armv7, arm64], minVersionFlagPrefix=-mios-version-min=, stubBinaryPath=Optional.absent(), appIncludesFrameworks=false}, architectures=[armv7, arm64], toolchains=[AppleToolchain{identifier=com.apple.dt.toolchain.XcodeDefault, version=15A268, path=/Applications/Xcode.app/Contents/Developer/Toolchains/XcodeDefault.xctoolchain}]} using default version 9.0
[2016-02-23 09:07:37.543][debug][command:1d6c8b26-5860-4580-a3d9-492901d20909][tid:356][com.facebook.buck.rules.KnownBuildRuleTypes] SDK AppleSdk{name=iphonesimulator, version=9.0, applePlatform=ApplePlatform{name=iphonesimulator, architectures=[i386, x86_64], minVersionFlagPrefix=-mios-simulator-version-min=, stubBinaryPath=Optional.absent(), appIncludesFrameworks=false}, architectures=[i386, x86_64], toolchains=[AppleToolchain{identifier=com.apple.dt.toolchain.XcodeDefault, version=15A268, path=/Applications/Xcode.app/Contents/Developer/Toolchains/XcodeDefault.xctoolchain}]} using default version 9.0
[2016-02-23 09:07:37.549][debug][command:1d6c8b26-5860-4580-a3d9-492901d20909][tid:356][com.facebook.buck.rules.KnownBuildRuleTypes] SDK AppleSdk{name=macosx, version=10.11, applePlatform=ApplePlatform{name=macosx, architectures=[i386, x86_64], minVersionFlagPrefix=-mmacosx-version-min=, stubBinaryPath=Optional.absent(), appIncludesFrameworks=true}, architectures=[i386, x86_64], toolchains=[AppleToolchain{identifier=com.apple.dt.toolchain.XcodeDefault, version=15A268, path=/Applications/Xcode.app/Contents/Developer/Toolchains/XcodeDefault.xctoolchain}]} using default version 10.11
[2016-02-23 09:07:37.557][debug][command:1d6c8b26-5860-4580-a3d9-492901d20909][tid:356][com.facebook.buck.rules.KnownBuildRuleTypes] SDK AppleSdk{name=watchos, version=2.0, applePlatform=ApplePlatform{name=watchos, architectures=[armv7k], minVersionFlagPrefix=-mwatchos-version-min=, stubBinaryPath=Optional.of(Library/Application Support/WatchKit/WK), appIncludesFrameworks=false}, architectures=[armv7k], toolchains=[AppleToolchain{identifier=com.apple.dt.toolchain.XcodeDefault, version=15A268, path=/Applications/Xcode.app/Contents/Developer/Toolchains/XcodeDefault.xctoolchain}]} using default version 2.0
[2016-02-23 09:07:37.560][debug][command:1d6c8b26-5860-4580-a3d9-492901d20909][tid:356][com.facebook.buck.rules.KnownBuildRuleTypes] SDK AppleSdk{name=watchsimulator, version=2.0, applePlatform=ApplePlatform{name=watchsimulator, architectures=[i386], minVersionFlagPrefix=-mwatchos-simulator-version-min=, stubBinaryPath=Optional.of(Library/Application Support/WatchKit/WK), appIncludesFrameworks=false}, architectures=[i386], toolchains=[AppleToolchain{identifier=com.apple.dt.toolchain.XcodeDefault, version=15A268, path=/Applications/Xcode.app/Contents/Developer/Toolchains/XcodeDefault.xctoolchain}]} using default version 2.0
[2016-02-23 09:07:37.563][debug][command:1d6c8b26-5860-4580-a3d9-492901d20909][tid:356][com.facebook.buck.cxx.CxxPlatforms] Using system default C++ platform CxxPlatform{flavor=default, as=com.facebook.buck.rules.HashedFileTool@1392cb00, asflags=[], aspp=com.facebook.buck.cxx.ClangPreprocessor@1f375dca, asppflags=[], cc=com.facebook.buck.cxx.ClangCompiler@2a44c836, cflags=[], cxx=com.facebook.buck.cxx.ClangCompiler@71bbc36a, cxxflags=[], cpp=com.facebook.buck.cxx.ClangPreprocessor@74f4dc96, cppflags=[], cxxpp=com.facebook.buck.cxx.ClangPreprocessor@518806cf, cxxppflags=[], ld=com.facebook.buck.cxx.DarwinLinker@5d8161b0, ldflags=[], runtimeLdflags={}, strip=com.facebook.buck.rules.HashedFileTool@720e49f9, stripFlags=[], ar=com.facebook.buck.cxx.BsdArchiver@20cc2b42, arflags=[], ranlib=com.facebook.buck.rules.HashedFileTool@31e3efea, ranlibflags=[], symbolNameTool=com.facebook.buck.cxx.PosixNmSymbolNameTool@67b99487, sharedLibraryExtension=dylib, sharedLibraryVersionedExtensionFormat=.%s.dylib, debugPathSanitizer=com.facebook.buck.cxx.DebugPathSanitizer@79b94bdd, flagMacros={}}
[2016-02-23 09:07:37.576][debug][command:1d6c8b26-5860-4580-a3d9-492901d20909][tid:356][com.facebook.buck.event.listener.SuperConsoleEventBusListener] Starting render scheduler (interval 100 ms)
[2016-02-23 09:07:37.576][debug][command:1d6c8b26-5860-4580-a3d9-492901d20909][tid:356][com.facebook.buck.util.environment.MacWifiSsidFinder] Getting current SSID..
[2016-02-23 09:07:37.577][debug][command:1d6c8b26-5860-4580-a3d9-492901d20909][tid:356][com.facebook.buck.util.environment.MacWifiSsidFinder] Getting SSID from Wi-Fi interface: <CWInterface: 0x7feefb93cd50> [interfaceName=en0]
[2016-02-23 09:07:37.577][debug][command:1d6c8b26-5860-4580-a3d9-492901d20909][tid:356][com.facebook.buck.util.environment.MacWifiSsidFinder] Found SSID: ASPire-WiFi
[2016-02-23 09:07:37.581][debug][command:1d6c8b26-5860-4580-a3d9-492901d20909][tid:370][com.facebook.buck.event.listener.LoggingBuildListener] CommandStarted(install, isDaemon: false)
[2016-02-23 09:07:37.583][debug][command:1d6c8b26-5860-4580-a3d9-492901d20909][tid:356][com.facebook.buck.parser.PerBuildState] Cleaning cache of build files with inputs under symlink []
[2016-02-23 09:07:37.584][info ][command:1d6c8b26-5860-4580-a3d9-492901d20909][tid:356][com.facebook.buck.cli.Main] Awaiting termination of HTTP Write executor service. Waiting for all jobs to complete, or up to maximum of 1800 seconds...
[2016-02-23 09:07:37.584][warn ][command:1d6c8b26-5860-4580-a3d9-492901d20909][tid:370][com.facebook.buck.event.listener.LoggingBuildListener] No build file at run/BUCK when resolving target //run:run.
[2016-02-23 09:07:37.584][debug][command:1d6c8b26-5860-4580-a3d9-492901d20909][tid:370][com.facebook.buck.event.listener.LoggingBuildListener] HttpArtifactCacheEvent.Shutdown(HttpArtifactCacheEvent.ShutdownEventKey{value=613})
[2016-02-23 09:07:37.584][debug][command:1d6c8b26-5860-4580-a3d9-492901d20909][tid:370][com.facebook.buck.event.listener.LoggingBuildListener] CommandFinished(install, isDaemon: false)
[2016-02-23 09:07:37.584][debug][command:1d6c8b26-5860-4580-a3d9-492901d20909][tid:356][com.facebook.buck.event.listener.SuperConsoleEventBusListener] Stopping render scheduler
[2016-02-23 09:07:37.585][info ][command:1d6c8b26-5860-4580-a3d9-492901d20909][tid:356][com.facebook.buck.cli.Main] Awaiting termination of CPU executor service. Waiting for all jobs to complete, or up to maximum of 60 seconds...
[2016-02-23 09:07:37.585][warn ][command:null][tid:360][com.martiansoftware.nailgun.NGInputStream] Nailgun client read future was interrupted
java.lang.InterruptedException
	at java.util.concurrent.FutureTask.awaitDone(FutureTask.java:404)
	at java.util.concurrent.FutureTask.get(FutureTask.java:204)
	at com.martiansoftware.nailgun.NGInputStream$1.run(NGInputStream.java:91)
	at java.util.concurrent.Executors$RunnableAdapter.call(Executors.java:511)
	at java.util.concurrent.FutureTask.run(FutureTask.java:266)
	at java.util.concurrent.ThreadPoolExecutor.runWorker(ThreadPoolExecutor.java:1142)
	at java.util.concurrent.ThreadPoolExecutor$Worker.run(ThreadPoolExecutor.java:617)
	at java.lang.Thread.run(Thread.java:745)

[2016-02-23 09:07:37.585][debug][command:null][tid:360][com.martiansoftware.nailgun.NGInputStream] Nailgun client read shutting down
[2016-02-23 09:07:37.586][info ][command:1d6c8b26-5860-4580-a3d9-492901d20909][tid:356][com.facebook.buck.cli.Main] Awaiting termination of Disk IO executor service. Waiting for all jobs to complete, or up to maximum of 10 seconds...
[2016-02-23 09:07:37.586][debug][command:1d6c8b26-5860-4580-a3d9-492901d20909][tid:356][com.facebook.buck.event.listener.ChromeTraceBuildListener] Writing Chrome trace to buck-out/log/traces/build.2016-02-23.09-07-37.1d6c8b26-5860-4580-a3d9-492901d20909.trace
[2016-02-23 09:07:37.692][debug][command:1d6c8b26-5860-4580-a3d9-492901d20909][tid:356][com.facebook.buck.cli.Main] Done.
[2016-02-23 09:07:37.696][info ][command:null][tid:356][com.martiansoftware.nailgun.NGSession] Server cleanly exited with status 1
com.martiansoftware.nailgun.NGExitException: ExitException: status 1
	at com.martiansoftware.nailgun.NGSecurityManager.checkExit(NGSecurityManager.java:56)
	at java.lang.Runtime.exit(Runtime.java:107)
	at java.lang.System.exit(System.java:968)
	at com.facebook.buck.cli.Main.runMainThenExit(Main.java:1498)
	at com.facebook.buck.cli.Main.nailMain(Main.java:1514)
	at sun.reflect.NativeMethodAccessorImpl.invoke0(Native Method)
	at sun.reflect.NativeMethodAccessorImpl.invoke(NativeMethodAccessorImpl.java:62)
	at sun.reflect.DelegatingMethodAccessorImpl.invoke(DelegatingMethodAccessorImpl.java:43)
	at java.lang.reflect.Method.invoke(Method.java:483)
	at com.martiansoftware.nailgun.NGSession.run(NGSession.java:338)

[2016-02-23 09:07:37.696][debug][command:null][tid:356][com.martiansoftware.nailgun.NGSession] Tearing down client socket
[2016-02-23 09:07:37.697][debug][command:null][tid:356][com.martiansoftware.nailgun.NGSession] Flushing client socket
[2016-02-23 09:07:37.697][debug][command:null][tid:356][com.martiansoftware.nailgun.NGSession] Error shutting down socket I/O (this is expected if the client disconnected already)
java.io.IOException: com.sun.jna.LastErrorException: [57] Socket is not connected
	at com.martiansoftware.nailgun.NGUnixDomainSocket.doShutdown(NGUnixDomainSocket.java:74)
	at com.martiansoftware.nailgun.NGUnixDomainSocket.shutdownInput(NGUnixDomainSocket.java:60)
	at com.martiansoftware.nailgun.NGSession.run(NGSession.java:384)
Caused by: com.sun.jna.LastErrorException: [57] Socket is not connected
	at com.martiansoftware.nailgun.NGUnixDomainSocketLibrary.shutdown(Native Method)
	at com.martiansoftware.nailgun.NGUnixDomainSocket.doShutdown(NGUnixDomainSocket.java:71)
	... 2 more

[2016-02-23 09:07:37.697][debug][command:null][tid:356][com.martiansoftware.nailgun.NGSession] Closing client socket
[2016-02-23 09:07:37.697][debug][command:null][tid:356][com.martiansoftware.nailgun.NGSession] Finished tearing down client socket
[2016-02-23 09:07:37.697][debug][command:null][tid:356][com.martiansoftware.nailgun.NGSession] Waiting for next client to connect
[2016-02-23 09:07:37.697][info ][command:null][tid:356][com.martiansoftware.nailgun.NGSession] NGSession shutting down
[2016-02-23 09:07:44.266][debug][command:null][tid:359][com.martiansoftware.nailgun.NGSession] Client connected
[2016-02-23 09:07:44.266][debug][command:null][tid:373][com.martiansoftware.nailgun.NGSession] Waiting for first client to connect
[2016-02-23 09:07:44.268][debug][command:null][tid:359][com.martiansoftware.nailgun.NGSession] Tearing down client socket
[2016-02-23 09:07:44.268][warn ][command:null][tid:374][com.martiansoftware.nailgun.NGInputStream] Nailgun client read future was interrupted
java.lang.InterruptedException
	at java.util.concurrent.FutureTask.awaitDone(FutureTask.java:404)
	at java.util.concurrent.FutureTask.get(FutureTask.java:204)
	at com.martiansoftware.nailgun.NGInputStream$1.run(NGInputStream.java:91)
	at java.util.concurrent.Executors$RunnableAdapter.call(Executors.java:511)
	at java.util.concurrent.FutureTask.run(FutureTask.java:266)
	at java.util.concurrent.ThreadPoolExecutor.runWorker(ThreadPoolExecutor.java:1142)
	at java.util.concurrent.ThreadPoolExecutor$Worker.run(ThreadPoolExecutor.java:617)
	at java.lang.Thread.run(Thread.java:745)

[2016-02-23 09:07:44.268][debug][command:null][tid:374][com.martiansoftware.nailgun.NGInputStream] Nailgun client read shutting down
[2016-02-23 09:07:44.268][debug][command:null][tid:359][com.martiansoftware.nailgun.NGSession] Flushing client socket
[2016-02-23 09:07:44.268][debug][command:null][tid:373][com.martiansoftware.nailgun.NGSession] Client connected
[2016-02-23 09:07:44.269][debug][command:null][tid:359][com.martiansoftware.nailgun.NGSession] Error shutting down socket I/O (this is expected if the client disconnected already)
java.io.IOException: com.sun.jna.LastErrorException: [57] Socket is not connected
	at com.martiansoftware.nailgun.NGUnixDomainSocket.doShutdown(NGUnixDomainSocket.java:74)
	at com.martiansoftware.nailgun.NGUnixDomainSocket.shutdownInput(NGUnixDomainSocket.java:60)
	at com.martiansoftware.nailgun.NGSession.run(NGSession.java:384)
Caused by: com.sun.jna.LastErrorException: [57] Socket is not connected
	at com.martiansoftware.nailgun.NGUnixDomainSocketLibrary.shutdown(Native Method)
	at com.martiansoftware.nailgun.NGUnixDomainSocket.doShutdown(NGUnixDomainSocket.java:71)
	... 2 more

[2016-02-23 09:07:44.269][debug][command:null][tid:359][com.martiansoftware.nailgun.NGSession] Closing client socket
[2016-02-23 09:07:44.269][debug][command:null][tid:359][com.martiansoftware.nailgun.NGSession] Finished tearing down client socket
[2016-02-23 09:07:44.269][debug][command:null][tid:359][com.martiansoftware.nailgun.NGSession] Waiting for next client to connect
[2016-02-23 09:07:44.269][info ][command:null][tid:359][com.martiansoftware.nailgun.NGSession] NGSession shutting down
[2016-02-23 09:07:44.269][debug][command:null][tid:376][com.martiansoftware.nailgun.NGSession] Waiting for first client to connect
[2016-02-23 09:07:44.270][debug][command:null][tid:373][com.martiansoftware.nailgun.NGSession] Tearing down client socket
[2016-02-23 09:07:44.270][warn ][command:null][tid:377][com.martiansoftware.nailgun.NGInputStream] Nailgun client read future was interrupted
java.lang.InterruptedException
	at java.util.concurrent.FutureTask.awaitDone(FutureTask.java:404)
	at java.util.concurrent.FutureTask.get(FutureTask.java:204)
	at com.martiansoftware.nailgun.NGInputStream$1.run(NGInputStream.java:91)
	at java.util.concurrent.Executors$RunnableAdapter.call(Executors.java:511)
	at java.util.concurrent.FutureTask.run(FutureTask.java:266)
	at java.util.concurrent.ThreadPoolExecutor.runWorker(ThreadPoolExecutor.java:1142)
	at java.util.concurrent.ThreadPoolExecutor$Worker.run(ThreadPoolExecutor.java:617)
	at java.lang.Thread.run(Thread.java:745)

[2016-02-23 09:07:44.271][debug][command:null][tid:377][com.martiansoftware.nailgun.NGInputStream] Nailgun client read shutting down
[2016-02-23 09:07:44.270][debug][command:null][tid:373][com.martiansoftware.nailgun.NGSession] Flushing client socket
[2016-02-23 09:07:44.271][debug][command:null][tid:376][com.martiansoftware.nailgun.NGSession] Client connected
[2016-02-23 09:07:44.271][debug][command:null][tid:373][com.martiansoftware.nailgun.NGSession] Error shutting down socket I/O (this is expected if the client disconnected already)
java.io.IOException: com.sun.jna.LastErrorException: [57] Socket is not connected
	at com.martiansoftware.nailgun.NGUnixDomainSocket.doShutdown(NGUnixDomainSocket.java:74)
	at com.martiansoftware.nailgun.NGUnixDomainSocket.shutdownInput(NGUnixDomainSocket.java:60)
	at com.martiansoftware.nailgun.NGSession.run(NGSession.java:384)
Caused by: com.sun.jna.LastErrorException: [57] Socket is not connected
	at com.martiansoftware.nailgun.NGUnixDomainSocketLibrary.shutdown(Native Method)
	at com.martiansoftware.nailgun.NGUnixDomainSocket.doShutdown(NGUnixDomainSocket.java:71)
	... 2 more

[2016-02-23 09:07:44.271][debug][command:null][tid:373][com.martiansoftware.nailgun.NGSession] Closing client socket
[2016-02-23 09:07:44.271][debug][command:null][tid:373][com.martiansoftware.nailgun.NGSession] Finished tearing down client socket
[2016-02-23 09:07:44.271][debug][command:null][tid:373][com.martiansoftware.nailgun.NGSession] Waiting for next client to connect
[2016-02-23 09:07:44.271][info ][command:null][tid:373][com.martiansoftware.nailgun.NGSession] NGSession shutting down
[2016-02-23 09:07:44.272][debug][command:null][tid:379][com.martiansoftware.nailgun.NGSession] Waiting for first client to connect
[2016-02-23 09:07:44.273][debug][command:34e45442-7d1b-4de1-a1a9-0369df36deeb][tid:376][com.facebook.buck.cli.Main] Rotating log.
