[2016-02-23 09:08:59.143][debug][command:8405fff6-1d1c-4682-b9f1-ab58b73088c4][tid:406][com.facebook.buck.cli.Main] Starting up (build date 1970-01-01 07:59:59 +0800, rev b7a7b9a85fa5c5dd2ff9ef062bb96b45e92b4448), args: [install, app, --run, -d]
[2016-02-23 09:08:59.153][debug][command:8405fff6-1d1c-4682-b9f1-ab58b73088c4][tid:406][com.facebook.buck.cli.Main] System properties: {java.vendor=Oracle Corporation, sun.java.launcher=SUN_STANDARD, sun.management.compiler=HotSpot 64-Bit Tiered Compilers, jnidispatch.path=/Users/apple/Documents/MyApp/hongbao/.buckd/tmp/buck_run.O4MTWp/jna-93029210/jna2336485544085413124.tmp, os.name=Mac OS X, buck.enable_objc=true, sun.boot.class.path=/Library/Java/JavaVirtualMachines/jdk1.8.0_31.jdk/Contents/Home/jre/lib/resources.jar:/Library/Java/JavaVirtualMachines/jdk1.8.0_31.jdk/Contents/Home/jre/lib/rt.jar:/Library/Java/JavaVirtualMachines/jdk1.8.0_31.jdk/Contents/Home/jre/lib/sunrsasign.jar:/Library/Java/JavaVirtualMachines/jdk1.8.0_31.jdk/Contents/Home/jre/lib/jsse.jar:/Library/Java/JavaVirtualMachines/jdk1.8.0_31.jdk/Contents/Home/jre/lib/jce.jar:/Library/Java/JavaVirtualMachines/jdk1.8.0_31.jdk/Contents/Home/jre/lib/charsets.jar:/Library/Java/JavaVirtualMachines/jdk1.8.0_31.jdk/Contents/Home/jre/lib/jfr.jar:/Library/Java/JavaVirtualMachines/jdk1.8.0_31.jdk/Contents/Home/jre/classes, java.vm.specification.vendor=Oracle Corporation, java.runtime.version=1.8.0_31-b13, buck.path_to_intellij_py=/Users/apple/Documents/MyApp/hongbao/.buckd/resources/b7a7b9a85fa5c5dd2ff9ef062bb96b45e92b4448/path_to_intellij_py, jna.loaded=true, buck.testrunner_classes=/Users/apple/Documents/MyApp/hongbao/.buckd/resources/b7a7b9a85fa5c5dd2ff9ef062bb96b45e92b4448/testrunner_classes, buck.logging_config_file=/Users/apple/Documents/MyApp/hongbao/.buckd/resources/b7a7b9a85fa5c5dd2ff9ef062bb96b45e92b4448/logging_config_file, buck.path_to_sh_binary_template=/Users/apple/Documents/MyApp/hongbao/.buckd/resources/b7a7b9a85fa5c5dd2ff9ef062bb96b45e92b4448/path_to_sh_binary_template, user.name=apple, buck.path_to_pywatchman=/Users/apple/Documents/MyApp/hongbao/.buckd/resources/b7a7b9a85fa5c5dd2ff9ef062bb96b45e92b4448/path_to_pywatchman, buck.report_generator_jar=/Users/apple/Documents/MyApp/hongbao/.buckd/resources/b7a7b9a85fa5c5dd2ff9ef062bb96b45e92b4448/report_generator_jar, buck.git_commit=b7a7b9a85fa5c5dd2ff9ef062bb96b45e92b4448, user.language=zh, sun.boot.library.path=/Library/Java/JavaVirtualMachines/jdk1.8.0_31.jdk/Contents/Home/jre/lib, java.version=1.8.0_31, user.timezone=Asia/Chongqing, buck.test_util_no_tests_dir=true, sun.arch.data.model=64, http.nonProxyHosts=local|*.local|169.254/16|*.169.254/16, java.endorsed.dirs=/Library/Java/JavaVirtualMachines/jdk1.8.0_31.jdk/Contents/Home/jre/lib/endorsed, sun.cpu.isalist=, sun.jnu.encoding=UTF-8, file.encoding.pkg=sun.io, file.separator=/, java.specification.name=Java Platform API Specification, buck.jacoco_agent_jar=/Users/apple/Documents/MyApp/hongbao/.buckd/resources/b7a7b9a85fa5c5dd2ff9ef062bb96b45e92b4448/jacoco_agent_jar, java.class.version=52.0, user.country=CN, java.home=/Library/Java/JavaVirtualMachines/jdk1.8.0_31.jdk/Contents/Home/jre, java.vm.info=mixed mode, os.version=10.11.2, buck.version_uid=b7a7b9a85fa5c5dd2ff9ef062bb96b45e92b4448, org.eclipse.jetty.util.log.class=org.eclipse.jetty.util.log.JavaUtilLog, path.separator=:, java.vm.version=25.31-b07, java.awt.printerjob=sun.lwawt.macosx.CPrinterJob, sun.io.unicode.encoding=UnicodeBig, awt.toolkit=sun.lwawt.macosx.LWCToolkit, socksNonProxyHosts=local|*.local|169.254/16|*.169.254/16, ftp.nonProxyHosts=local|*.local|169.254/16|*.169.254/16, buck.dx=/Users/apple/Documents/MyApp/hongbao/.buckd/resources/b7a7b9a85fa5c5dd2ff9ef062bb96b45e92b4448/dx, buck.git_commit_timestamp=-1, user.home=/Users/apple, buck.path_to_asm_jar=/Users/apple/Documents/MyApp/hongbao/.buckd/resources/b7a7b9a85fa5c5dd2ff9ef062bb96b45e92b4448/path_to_asm_jar, java.specification.vendor=Oracle Corporation, buck.git_dirty=0, java.library.path=/Users/apple/Documents/MyApp/hongbao/.buckd/resources/b7a7b9a85fa5c5dd2ff9ef062bb96b45e92b4448, java.vendor.url=http://java.oracle.com/, java.vm.vendor=Oracle Corporation, gopherProxySet=false, java.runtime.name=Java(TM) SE Runtime Environment, sun.java.command=com.facebook.buck.cli.bootstrapper.ClassLoaderBootstrapper com.martiansoftware.nailgun.NGServer local:.buckd/sock 60000, java.class.path=/Users/apple/Documents/MyApp/hongbao/.buckd/resources/b7a7b9a85fa5c5dd2ff9ef062bb96b45e92b4448/bootstrapper_jar, buck.buckd_dir=/Users/apple/Documents/MyApp/hongbao/.buckd, buck.path_to_pathlib_py=/Users/apple/Documents/MyApp/hongbao/.buckd/resources/b7a7b9a85fa5c5dd2ff9ef062bb96b45e92b4448/pathlib.py, buck.buckd_launch_time_nanos=1595669186399, java.vm.specification.name=Java Virtual Machine Specification, com.martiansoftware.nailgun.NGServer.outputPath=/Users/apple/Documents/MyApp/hongbao/.buckd/tmp/buck_run.O4MTWp/ngserver-out, java.vm.specification.version=1.8, sun.cpu.endian=little, sun.os.patch.level=unknown, java.awt.headless=true, java.io.tmpdir=/Users/apple/Documents/MyApp/hongbao/.buckd/tmp/buck_run.O4MTWp, buck.android_agent_path=/Users/apple/Documents/MyApp/hongbao/.buckd/resources/b7a7b9a85fa5c5dd2ff9ef062bb96b45e92b4448/android_agent_path, java.vendor.url.bug=http://bugreport.sun.com/bugreport/, jna.platform.library.path=/usr/lib:/usr/lib, os.arch=x86_64, java.awt.graphicsenv=sun.awt.CGraphicsEnvironment, buck.path_to_pex=/Users/apple/Documents/MyApp/hongbao/.buckd/resources/b7a7b9a85fa5c5dd2ff9ef062bb96b45e92b4448/path_to_pex, java.ext.dirs=/Users/apple/Library/Java/Extensions:/Library/Java/JavaVirtualMachines/jdk1.8.0_31.jdk/Contents/Home/jre/lib/ext:/Library/Java/Extensions:/Network/Library/Java/Extensions:/System/Library/Java/Extensions:/usr/lib/java, java.util.logging.config.class=com.facebook.buck.cli.bootstrapper.LogConfig, user.dir=/Users/apple/Documents/MyApp/hongbao, line.separator=
, java.vm.name=Java HotSpot(TM) 64-Bit Server VM, buck.native_exopackage_fake_path=/Users/apple/Documents/MyApp/hongbao/.buckd/resources/b7a7b9a85fa5c5dd2ff9ef062bb96b45e92b4448/native_exopackage_fake_path, file.encoding=UTF-8, java.specification.version=1.8}
[2016-02-23 09:08:59.160][debug][command:8405fff6-1d1c-4682-b9f1-ab58b73088c4][tid:406][com.facebook.buck.cli.Config] Loaded a configuration file /Users/apple/Documents/MyApp/hongbao/.buckconfig: {alias={app=//:app}, java={src_roots=/src/, test_target=':tests',, test_root='tests',}, project={default_android_manifest=src/main/AndroidManifest.xml}, android={target=android-19}}
[2016-02-23 09:08:59.161][debug][command:8405fff6-1d1c-4682-b9f1-ab58b73088c4][tid:406][com.facebook.buck.cli.Config] Adding configuration overrides: {}
[2016-02-23 09:08:59.163][info ][command:8405fff6-1d1c-4682-b9f1-ab58b73088c4][tid:406][com.facebook.buck.io.Watchman] Creating for: .
[2016-02-23 09:08:59.163][debug][command:8405fff6-1d1c-4682-b9f1-ab58b73088c4][tid:406][com.facebook.buck.util.ListeningProcessExecutor] Launching process with params ProcessExecutorParams{command=[/usr/local/bin/watchman, --output-encoding=bser, get-sockname], directory=Optional.absent(), environment=Optional.absent(), redirectInput=Optional.absent(), redirectOutput=Optional.absent(), redirectError=Optional.absent()}
[2016-02-23 09:08:59.171][debug][command:8405fff6-1d1c-4682-b9f1-ab58b73088c4][tid:406][com.facebook.buck.util.ListeningProcessExecutor] Successfully launched process com.zaxxer.nuprocess.osx.OsxProcess@6b755cf4
[2016-02-23 09:08:59.171][debug][command:8405fff6-1d1c-4682-b9f1-ab58b73088c4][tid:406][com.facebook.buck.util.ListeningProcessExecutor] Waiting for process com.facebook.buck.util.ListeningProcessExecutor$LaunchedProcessImpl@786d3de4 timeout 1000000000 NANOSECONDS
[2016-02-23 09:08:59.175][debug][command:8405fff6-1d1c-4682-b9f1-ab58b73088c4][tid:406][com.facebook.buck.util.ListeningProcessExecutor] Wait for process returned 5
[2016-02-23 09:08:59.175][error][command:8405fff6-1d1c-4682-b9f1-ab58b73088c4][tid:406][com.facebook.buck.io.Watchman] Error 5 executing get-sockname
[2016-02-23 09:08:59.176][debug][command:8405fff6-1d1c-4682-b9f1-ab58b73088c4][tid:406][com.facebook.buck.cli.Main] Watchman capabilities: [] Watch root: Optional.absent() Project prefix: Optional.absent() Glob handler config: PYTHON 
[2016-02-23 09:08:59.197][debug][command:8405fff6-1d1c-4682-b9f1-ab58b73088c4][tid:406][com.facebook.buck.apple.AppleToolchainDiscovery] Searching for Xcode toolchains under /Applications/Xcode.app/Contents/Developer/Toolchains
[2016-02-23 09:08:59.197][debug][command:8405fff6-1d1c-4682-b9f1-ab58b73088c4][tid:406][com.facebook.buck.apple.AppleToolchainDiscovery] Searching for Xcode toolchains in /Applications/Xcode.app/Contents/Developer/Toolchains
[2016-02-23 09:08:59.198][debug][command:8405fff6-1d1c-4682-b9f1-ab58b73088c4][tid:406][com.facebook.buck.apple.AppleToolchainDiscovery] Getting identifier for for Xcode toolchain under /Applications/Xcode.app/Contents/Developer/Toolchains/XcodeDefault.xctoolchain
[2016-02-23 09:08:59.200][debug][command:8405fff6-1d1c-4682-b9f1-ab58b73088c4][tid:406][com.facebook.buck.apple.AppleToolchainDiscovery] Mapped SDK identifier com.apple.dt.toolchain.XcodeDefault to path /Applications/Xcode.app/Contents/Developer/Toolchains/XcodeDefault.xctoolchain
[2016-02-23 09:08:59.200][debug][command:8405fff6-1d1c-4682-b9f1-ab58b73088c4][tid:406][com.facebook.buck.apple.AppleSdkDiscovery] Searching for Xcode platforms under /Applications/Xcode.app/Contents/Developer/Platforms
[2016-02-23 09:08:59.201][debug][command:8405fff6-1d1c-4682-b9f1-ab58b73088c4][tid:406][com.facebook.buck.apple.AppleSdkDiscovery] Searching for Xcode SDKs in /Applications/Xcode.app/Contents/Developer/Platforms
[2016-02-23 09:08:59.201][debug][command:8405fff6-1d1c-4682-b9f1-ab58b73088c4][tid:406][com.facebook.buck.apple.AppleSdkDiscovery] Fetching SDK name for /Applications/Xcode.app/Contents/Developer/Platforms/iPhoneOS.platform/Developer/SDKs/iPhoneOS.sdk
[2016-02-23 09:08:59.201][debug][command:8405fff6-1d1c-4682-b9f1-ab58b73088c4][tid:406][com.facebook.buck.apple.AppleSdkDiscovery] Specified toolchain com.apple.dt.toolchain.iOS9_0 not found for SDK path /Applications/Xcode.app/Contents/Developer/Platforms/iPhoneOS.platform/Developer/SDKs/iPhoneOS.sdk
[2016-02-23 09:08:59.201][debug][command:8405fff6-1d1c-4682-b9f1-ab58b73088c4][tid:406][com.facebook.buck.apple.AppleSdkDiscovery] Found SDK AppleSdk{name=iphoneos9.0, version=9.0, applePlatform=ApplePlatform{name=iphoneos, architectures=[armv7, arm64], minVersionFlagPrefix=-mios-version-min=, stubBinaryPath=Optional.absent(), appIncludesFrameworks=false}, architectures=[armv7, arm64], toolchains=[AppleToolchain{identifier=com.apple.dt.toolchain.XcodeDefault, version=15A268, path=/Applications/Xcode.app/Contents/Developer/Toolchains/XcodeDefault.xctoolchain}]}
[2016-02-23 09:08:59.202][debug][command:8405fff6-1d1c-4682-b9f1-ab58b73088c4][tid:406][com.facebook.buck.apple.AppleSdkDiscovery] Fetching SDK name for /Applications/Xcode.app/Contents/Developer/Platforms/iPhoneOS.platform/Developer/SDKs/iPhoneOS9.0.sdk
[2016-02-23 09:08:59.202][debug][command:8405fff6-1d1c-4682-b9f1-ab58b73088c4][tid:406][com.facebook.buck.apple.AppleSdkDiscovery] Skipping already scanned SDK directory /Applications/Xcode.app/Contents/Developer/Platforms/iPhoneOS.platform/Developer/SDKs/iPhoneOS.sdk
[2016-02-23 09:08:59.202][debug][command:8405fff6-1d1c-4682-b9f1-ab58b73088c4][tid:406][com.facebook.buck.apple.AppleSdkDiscovery] Fetching SDK name for /Applications/Xcode.app/Contents/Developer/Platforms/iPhoneSimulator.platform/Developer/SDKs/iPhoneSimulator.sdk
[2016-02-23 09:08:59.205][debug][command:8405fff6-1d1c-4682-b9f1-ab58b73088c4][tid:406][com.facebook.buck.apple.AppleSdkDiscovery] Specified toolchain com.apple.dt.toolchain.iOS9_0 not found for SDK path /Applications/Xcode.app/Contents/Developer/Platforms/iPhoneSimulator.platform/Developer/SDKs/iPhoneSimulator.sdk
[2016-02-23 09:08:59.205][debug][command:8405fff6-1d1c-4682-b9f1-ab58b73088c4][tid:406][com.facebook.buck.apple.AppleSdkDiscovery] Found SDK AppleSdk{name=iphonesimulator9.0, version=9.0, applePlatform=ApplePlatform{name=iphonesimulator, architectures=[i386, x86_64], minVersionFlagPrefix=-mios-simulator-version-min=, stubBinaryPath=Optional.absent(), appIncludesFrameworks=false}, architectures=[i386, x86_64], toolchains=[AppleToolchain{identifier=com.apple.dt.toolchain.XcodeDefault, version=15A268, path=/Applications/Xcode.app/Contents/Developer/Toolchains/XcodeDefault.xctoolchain}]}
[2016-02-23 09:08:59.205][debug][command:8405fff6-1d1c-4682-b9f1-ab58b73088c4][tid:406][com.facebook.buck.apple.AppleSdkDiscovery] Fetching SDK name for /Applications/Xcode.app/Contents/Developer/Platforms/iPhoneSimulator.platform/Developer/SDKs/iPhoneSimulator9.0.sdk
[2016-02-23 09:08:59.206][debug][command:8405fff6-1d1c-4682-b9f1-ab58b73088c4][tid:406][com.facebook.buck.apple.AppleSdkDiscovery] Skipping already scanned SDK directory /Applications/Xcode.app/Contents/Developer/Platforms/iPhoneSimulator.platform/Developer/SDKs/iPhoneSimulator.sdk
[2016-02-23 09:08:59.206][debug][command:8405fff6-1d1c-4682-b9f1-ab58b73088c4][tid:406][com.facebook.buck.apple.AppleSdkDiscovery] Fetching SDK name for /Applications/Xcode.app/Contents/Developer/Platforms/MacOSX.platform/Developer/SDKs/MacOSX10.11.sdk
[2016-02-23 09:08:59.209][debug][command:8405fff6-1d1c-4682-b9f1-ab58b73088c4][tid:406][com.facebook.buck.apple.AppleSdkDiscovery] Found SDK AppleSdk{name=macosx10.11, version=10.11, applePlatform=ApplePlatform{name=macosx, architectures=[i386, x86_64], minVersionFlagPrefix=-mmacosx-version-min=, stubBinaryPath=Optional.absent(), appIncludesFrameworks=true}, architectures=[i386, x86_64], toolchains=[AppleToolchain{identifier=com.apple.dt.toolchain.XcodeDefault, version=15A268, path=/Applications/Xcode.app/Contents/Developer/Toolchains/XcodeDefault.xctoolchain}]}
[2016-02-23 09:08:59.210][debug][command:8405fff6-1d1c-4682-b9f1-ab58b73088c4][tid:406][com.facebook.buck.apple.AppleSdkDiscovery] Fetching SDK name for /Applications/Xcode.app/Contents/Developer/Platforms/WatchOS.platform/Developer/SDKs/WatchOS.sdk
[2016-02-23 09:08:59.210][debug][command:8405fff6-1d1c-4682-b9f1-ab58b73088c4][tid:406][com.facebook.buck.apple.AppleSdkDiscovery] Specified toolchain com.apple.dt.toolchain.WatchOS2_0 not found for SDK path /Applications/Xcode.app/Contents/Developer/Platforms/WatchOS.platform/Developer/SDKs/WatchOS.sdk
[2016-02-23 09:08:59.210][debug][command:8405fff6-1d1c-4682-b9f1-ab58b73088c4][tid:406][com.facebook.buck.apple.AppleSdkDiscovery] Found SDK AppleSdk{name=watchos2.0, version=2.0, applePlatform=ApplePlatform{name=watchos, architectures=[armv7k], minVersionFlagPrefix=-mwatchos-version-min=, stubBinaryPath=Optional.of(Library/Application Support/WatchKit/WK), appIncludesFrameworks=false}, architectures=[armv7k], toolchains=[AppleToolchain{identifier=com.apple.dt.toolchain.XcodeDefault, version=15A268, path=/Applications/Xcode.app/Contents/Developer/Toolchains/XcodeDefault.xctoolchain}]}
[2016-02-23 09:08:59.210][debug][command:8405fff6-1d1c-4682-b9f1-ab58b73088c4][tid:406][com.facebook.buck.apple.AppleSdkDiscovery] Fetching SDK name for /Applications/Xcode.app/Contents/Developer/Platforms/WatchOS.platform/Developer/SDKs/WatchOS2.0.sdk
[2016-02-23 09:08:59.210][debug][command:8405fff6-1d1c-4682-b9f1-ab58b73088c4][tid:406][com.facebook.buck.apple.AppleSdkDiscovery] Skipping already scanned SDK directory /Applications/Xcode.app/Contents/Developer/Platforms/WatchOS.platform/Developer/SDKs/WatchOS.sdk
[2016-02-23 09:08:59.211][debug][command:8405fff6-1d1c-4682-b9f1-ab58b73088c4][tid:406][com.facebook.buck.apple.AppleSdkDiscovery] Fetching SDK name for /Applications/Xcode.app/Contents/Developer/Platforms/WatchSimulator.platform/Developer/SDKs/WatchSimulator.sdk
[2016-02-23 09:08:59.212][debug][command:8405fff6-1d1c-4682-b9f1-ab58b73088c4][tid:406][com.facebook.buck.apple.AppleSdkDiscovery] Specified toolchain com.apple.dt.toolchain.WatchOS2_0 not found for SDK path /Applications/Xcode.app/Contents/Developer/Platforms/WatchSimulator.platform/Developer/SDKs/WatchSimulator.sdk
[2016-02-23 09:08:59.212][debug][command:8405fff6-1d1c-4682-b9f1-ab58b73088c4][tid:406][com.facebook.buck.apple.AppleSdkDiscovery] Found SDK AppleSdk{name=watchsimulator2.0, version=2.0, applePlatform=ApplePlatform{name=watchsimulator, architectures=[i386], minVersionFlagPrefix=-mwatchos-simulator-version-min=, stubBinaryPath=Optional.of(Library/Application Support/WatchKit/WK), appIncludesFrameworks=false}, architectures=[i386], toolchains=[AppleToolchain{identifier=com.apple.dt.toolchain.XcodeDefault, version=15A268, path=/Applications/Xcode.app/Contents/Developer/Toolchains/XcodeDefault.xctoolchain}]}
[2016-02-23 09:08:59.223][debug][command:8405fff6-1d1c-4682-b9f1-ab58b73088c4][tid:406][com.facebook.buck.apple.AppleSdkDiscovery] Fetching SDK name for /Applications/Xcode.app/Contents/Developer/Platforms/WatchSimulator.platform/Developer/SDKs/WatchSimulator2.0.sdk
[2016-02-23 09:08:59.224][debug][command:8405fff6-1d1c-4682-b9f1-ab58b73088c4][tid:406][com.facebook.buck.apple.AppleSdkDiscovery] Skipping already scanned SDK directory /Applications/Xcode.app/Contents/Developer/Platforms/WatchSimulator.platform/Developer/SDKs/WatchSimulator.sdk
[2016-02-23 09:08:59.224][debug][command:8405fff6-1d1c-4682-b9f1-ab58b73088c4][tid:406][com.facebook.buck.rules.KnownBuildRuleTypes] SDK AppleSdk{name=iphoneos9.0, version=9.0, applePlatform=ApplePlatform{name=iphoneos, architectures=[armv7, arm64], minVersionFlagPrefix=-mios-version-min=, stubBinaryPath=Optional.absent(), appIncludesFrameworks=false}, architectures=[armv7, arm64], toolchains=[AppleToolchain{identifier=com.apple.dt.toolchain.XcodeDefault, version=15A268, path=/Applications/Xcode.app/Contents/Developer/Toolchains/XcodeDefault.xctoolchain}]} using default version 9.0
[2016-02-23 09:08:59.241][debug][command:8405fff6-1d1c-4682-b9f1-ab58b73088c4][tid:406][com.facebook.buck.rules.KnownBuildRuleTypes] SDK AppleSdk{name=iphonesimulator9.0, version=9.0, applePlatform=ApplePlatform{name=iphonesimulator, architectures=[i386, x86_64], minVersionFlagPrefix=-mios-simulator-version-min=, stubBinaryPath=Optional.absent(), appIncludesFrameworks=false}, architectures=[i386, x86_64], toolchains=[AppleToolchain{identifier=com.apple.dt.toolchain.XcodeDefault, version=15A268, path=/Applications/Xcode.app/Contents/Developer/Toolchains/XcodeDefault.xctoolchain}]} using default version 9.0
[2016-02-23 09:08:59.251][debug][command:8405fff6-1d1c-4682-b9f1-ab58b73088c4][tid:406][com.facebook.buck.rules.KnownBuildRuleTypes] SDK AppleSdk{name=macosx10.11, version=10.11, applePlatform=ApplePlatform{name=macosx, architectures=[i386, x86_64], minVersionFlagPrefix=-mmacosx-version-min=, stubBinaryPath=Optional.absent(), appIncludesFrameworks=true}, architectures=[i386, x86_64], toolchains=[AppleToolchain{identifier=com.apple.dt.toolchain.XcodeDefault, version=15A268, path=/Applications/Xcode.app/Contents/Developer/Toolchains/XcodeDefault.xctoolchain}]} using default version 10.11
[2016-02-23 09:08:59.268][debug][command:8405fff6-1d1c-4682-b9f1-ab58b73088c4][tid:406][com.facebook.buck.rules.KnownBuildRuleTypes] SDK AppleSdk{name=watchos2.0, version=2.0, applePlatform=ApplePlatform{name=watchos, architectures=[armv7k], minVersionFlagPrefix=-mwatchos-version-min=, stubBinaryPath=Optional.of(Library/Application Support/WatchKit/WK), appIncludesFrameworks=false}, architectures=[armv7k], toolchains=[AppleToolchain{identifier=com.apple.dt.toolchain.XcodeDefault, version=15A268, path=/Applications/Xcode.app/Contents/Developer/Toolchains/XcodeDefault.xctoolchain}]} using default version 2.0
[2016-02-23 09:08:59.275][debug][command:8405fff6-1d1c-4682-b9f1-ab58b73088c4][tid:406][com.facebook.buck.rules.KnownBuildRuleTypes] SDK AppleSdk{name=watchsimulator2.0, version=2.0, applePlatform=ApplePlatform{name=watchsimulator, architectures=[i386], minVersionFlagPrefix=-mwatchos-simulator-version-min=, stubBinaryPath=Optional.of(Library/Application Support/WatchKit/WK), appIncludesFrameworks=false}, architectures=[i386], toolchains=[AppleToolchain{identifier=com.apple.dt.toolchain.XcodeDefault, version=15A268, path=/Applications/Xcode.app/Contents/Developer/Toolchains/XcodeDefault.xctoolchain}]} using default version 2.0
[2016-02-23 09:08:59.282][debug][command:8405fff6-1d1c-4682-b9f1-ab58b73088c4][tid:406][com.facebook.buck.rules.KnownBuildRuleTypes] SDK AppleSdk{name=iphoneos, version=9.0, applePlatform=ApplePlatform{name=iphoneos, architectures=[armv7, arm64], minVersionFlagPrefix=-mios-version-min=, stubBinaryPath=Optional.absent(), appIncludesFrameworks=false}, architectures=[armv7, arm64], toolchains=[AppleToolchain{identifier=com.apple.dt.toolchain.XcodeDefault, version=15A268, path=/Applications/Xcode.app/Contents/Developer/Toolchains/XcodeDefault.xctoolchain}]} using default version 9.0
[2016-02-23 09:08:59.301][debug][command:8405fff6-1d1c-4682-b9f1-ab58b73088c4][tid:406][com.facebook.buck.rules.KnownBuildRuleTypes] SDK AppleSdk{name=iphonesimulator, version=9.0, applePlatform=ApplePlatform{name=iphonesimulator, architectures=[i386, x86_64], minVersionFlagPrefix=-mios-simulator-version-min=, stubBinaryPath=Optional.absent(), appIncludesFrameworks=false}, architectures=[i386, x86_64], toolchains=[AppleToolchain{identifier=com.apple.dt.toolchain.XcodeDefault, version=15A268, path=/Applications/Xcode.app/Contents/Developer/Toolchains/XcodeDefault.xctoolchain}]} using default version 9.0
[2016-02-23 09:08:59.312][debug][command:8405fff6-1d1c-4682-b9f1-ab58b73088c4][tid:406][com.facebook.buck.rules.KnownBuildRuleTypes] SDK AppleSdk{name=macosx, version=10.11, applePlatform=ApplePlatform{name=macosx, architectures=[i386, x86_64], minVersionFlagPrefix=-mmacosx-version-min=, stubBinaryPath=Optional.absent(), appIncludesFrameworks=true}, architectures=[i386, x86_64], toolchains=[AppleToolchain{identifier=com.apple.dt.toolchain.XcodeDefault, version=15A268, path=/Applications/Xcode.app/Contents/Developer/Toolchains/XcodeDefault.xctoolchain}]} using default version 10.11
[2016-02-23 09:08:59.344][debug][command:8405fff6-1d1c-4682-b9f1-ab58b73088c4][tid:406][com.facebook.buck.rules.KnownBuildRuleTypes] SDK AppleSdk{name=watchos, version=2.0, applePlatform=ApplePlatform{name=watchos, architectures=[armv7k], minVersionFlagPrefix=-mwatchos-version-min=, stubBinaryPath=Optional.of(Library/Application Support/WatchKit/WK), appIncludesFrameworks=false}, architectures=[armv7k], toolchains=[AppleToolchain{identifier=com.apple.dt.toolchain.XcodeDefault, version=15A268, path=/Applications/Xcode.app/Contents/Developer/Toolchains/XcodeDefault.xctoolchain}]} using default version 2.0
[2016-02-23 09:08:59.360][debug][command:8405fff6-1d1c-4682-b9f1-ab58b73088c4][tid:406][com.facebook.buck.rules.KnownBuildRuleTypes] SDK AppleSdk{name=watchsimulator, version=2.0, applePlatform=ApplePlatform{name=watchsimulator, architectures=[i386], minVersionFlagPrefix=-mwatchos-simulator-version-min=, stubBinaryPath=Optional.of(Library/Application Support/WatchKit/WK), appIncludesFrameworks=false}, architectures=[i386], toolchains=[AppleToolchain{identifier=com.apple.dt.toolchain.XcodeDefault, version=15A268, path=/Applications/Xcode.app/Contents/Developer/Toolchains/XcodeDefault.xctoolchain}]} using default version 2.0
[2016-02-23 09:08:59.369][debug][command:8405fff6-1d1c-4682-b9f1-ab58b73088c4][tid:406][com.facebook.buck.cxx.CxxPlatforms] Using system default C++ platform CxxPlatform{flavor=default, as=com.facebook.buck.rules.HashedFileTool@85379dc, asflags=[], aspp=com.facebook.buck.cxx.ClangPreprocessor@498016de, asppflags=[], cc=com.facebook.buck.cxx.ClangCompiler@58938017, cflags=[], cxx=com.facebook.buck.cxx.ClangCompiler@62828cf1, cxxflags=[], cpp=com.facebook.buck.cxx.ClangPreprocessor@718c94e4, cppflags=[], cxxpp=com.facebook.buck.cxx.ClangPreprocessor@38f34aed, cxxppflags=[], ld=com.facebook.buck.cxx.DarwinLinker@7c24e6dc, ldflags=[], runtimeLdflags={}, strip=com.facebook.buck.rules.HashedFileTool@a3708ad, stripFlags=[], ar=com.facebook.buck.cxx.BsdArchiver@1f0986bb, arflags=[], ranlib=com.facebook.buck.rules.HashedFileTool@3d0f1395, ranlibflags=[], symbolNameTool=com.facebook.buck.cxx.PosixNmSymbolNameTool@664600ee, sharedLibraryExtension=dylib, sharedLibraryVersionedExtensionFormat=.%s.dylib, debugPathSanitizer=com.facebook.buck.cxx.DebugPathSanitizer@79b94bdd, flagMacros={}}
[2016-02-23 09:08:59.397][debug][command:8405fff6-1d1c-4682-b9f1-ab58b73088c4][tid:406][com.facebook.buck.event.listener.SuperConsoleEventBusListener] Starting render scheduler (interval 100 ms)
[2016-02-23 09:08:59.398][debug][command:8405fff6-1d1c-4682-b9f1-ab58b73088c4][tid:406][com.facebook.buck.util.environment.MacWifiSsidFinder] Getting current SSID..
[2016-02-23 09:08:59.400][debug][command:8405fff6-1d1c-4682-b9f1-ab58b73088c4][tid:406][com.facebook.buck.util.environment.MacWifiSsidFinder] Getting SSID from Wi-Fi interface: <CWInterface: 0x7feefb93cd50> [interfaceName=en0]
[2016-02-23 09:08:59.401][debug][command:8405fff6-1d1c-4682-b9f1-ab58b73088c4][tid:406][com.facebook.buck.util.environment.MacWifiSsidFinder] Found SSID: ASPire-WiFi
[2016-02-23 09:08:59.416][debug][command:8405fff6-1d1c-4682-b9f1-ab58b73088c4][tid:419][com.facebook.buck.event.listener.LoggingBuildListener] CommandStarted(install, isDaemon: false)
[2016-02-23 09:08:59.416][debug][command:8405fff6-1d1c-4682-b9f1-ab58b73088c4][tid:421][com.facebook.buck.parser.DaemonicParserState] Invalidating all caches
[2016-02-23 09:08:59.418][debug][command:8405fff6-1d1c-4682-b9f1-ab58b73088c4][tid:421][com.facebook.buck.json.ProjectBuildFileParser] Creating temporary buck.py instance...
[2016-02-23 09:08:59.418][debug][command:8405fff6-1d1c-4682-b9f1-ab58b73088c4][tid:419][com.facebook.buck.event.listener.LoggingBuildListener] BuckFilesParseStarted()
[2016-02-23 09:08:59.466][debug][command:8405fff6-1d1c-4682-b9f1-ab58b73088c4][tid:421][com.facebook.buck.json.ProjectBuildFileParser] Created temporary buck.py instance at /Users/apple/Documents/MyApp/hongbao/.buckd/tmp/buck_run.O4MTWp/buck6071162974837829110.py.
[2016-02-23 09:08:59.469][debug][command:8405fff6-1d1c-4682-b9f1-ab58b73088c4][tid:421][com.facebook.buck.json.ProjectBuildFileParser] Starting buck.py command: [/usr/bin/python, -u, /Users/apple/Documents/MyApp/hongbao/.buckd/tmp/buck_run.O4MTWp/buck6071162974837829110.py, --allow_empty_globs, --project_root, /Users/apple/Documents/MyApp/hongbao, --build_file_name, BUCK, --quiet, --config, /Users/apple/Documents/MyApp/hongbao/.buckd/tmp/buck_run.O4MTWp/raw_config6105966959856225187.json] environment: Optional.of({ANDROID_HOME=/Users/apple/Applications/android/android-sdk_studio, BUCK_TTY=1, HOME=/Users/apple, NAILGUN_FILESEPARATOR=/, LOGNAME=apple, TMPDIR=/var/folders/y5/r4l9zn_921s77s5qdc0f713c0000gn/T/, USER=apple, VERSIONER_PYTHON_VERSION=2.7, SHELL=/bin/bash, BUCK_ORIG_TMPDIR=/var/folders/y5/r4l9zn_921s77s5qdc0f713c0000gn/T/, LC_CTYPE=zh_CN.UTF-8, __CF_USER_TEXT_ENCODING=0x1F5:0x19:0x34, NAILGUN_TTY_2=1, NAILGUN_TTY_1=1, NAILGUN_TTY_0=1, NDK_ROOT=/Users/apple/Applications/android/android-sdk_studio/android-ndk-r10, VERSIONER_PYTHON_PREFER_32_BIT=no, NAILGUN_PATHSEPARATOR=:, PATH=/opt/subversion/bin:/Users/apple/buck/bin:/usr/local/bin:/usr/bin:/bin:/usr/sbin:/sbin:/usr/local/git/bin:/Users/apple/Applications/android/android-sdk-macosx/platform-tools:/Users/apple/Applications/android/android-sdk_studio/android-ndk-r10, TERM=xterm-256color, _=/usr/local/bin/buck})
[2016-02-23 09:08:59.480][debug][command:8405fff6-1d1c-4682-b9f1-ab58b73088c4][tid:421][com.facebook.buck.json.ProjectBuildFileParser] Started process com.facebook.buck.util.ProcessExecutor$LaunchedProcessImpl@552b90a successfully
[2016-02-23 09:08:59.481][debug][command:8405fff6-1d1c-4682-b9f1-ab58b73088c4][tid:421][com.facebook.buck.json.ProjectBuildFileParser] Parsing output of process com.facebook.buck.util.ProcessExecutor$LaunchedProcessImpl@552b90a...
[2016-02-23 09:08:59.482][debug][command:8405fff6-1d1c-4682-b9f1-ab58b73088c4][tid:419][com.facebook.buck.event.listener.LoggingBuildListener] ParseBuckFileStarted(/Users/apple/Documents/MyApp/hongbao/BUCK)
[2016-02-23 09:08:59.687][debug][command:8405fff6-1d1c-4682-b9f1-ab58b73088c4][tid:421][com.facebook.buck.json.ProjectBuildFileParser] Parsed 6 rules from process
[2016-02-23 09:08:59.688][debug][command:8405fff6-1d1c-4682-b9f1-ab58b73088c4][tid:419][com.facebook.buck.event.listener.LoggingBuildListener] ParseBuckFileFinished(/Users/apple/Documents/MyApp/hongbao/BUCK)
[2016-02-23 09:08:59.714][debug][command:8405fff6-1d1c-4682-b9f1-ab58b73088c4][tid:406][com.facebook.buck.json.ProjectBuildFileParser] Waiting for process com.facebook.buck.util.ProcessExecutor$LaunchedProcessImpl@552b90a to exit...
[2016-02-23 09:08:59.715][debug][command:8405fff6-1d1c-4682-b9f1-ab58b73088c4][tid:406][com.facebook.buck.json.ProjectBuildFileParser] Process com.facebook.buck.util.ProcessExecutor$LaunchedProcessImpl@552b90a exited cleanly.
[2016-02-23 09:08:59.716][debug][command:8405fff6-1d1c-4682-b9f1-ab58b73088c4][tid:406][com.facebook.buck.parser.PerBuildState] Cleaning cache of build files with inputs under symlink []
[2016-02-23 09:08:59.716][debug][command:8405fff6-1d1c-4682-b9f1-ab58b73088c4][tid:419][com.facebook.buck.event.listener.LoggingBuildListener] BuckFilesParseFinished()
[2016-02-23 09:08:59.718][debug][command:8405fff6-1d1c-4682-b9f1-ab58b73088c4][tid:406][com.facebook.buck.parser.PerBuildState] Cleaning cache of build files with inputs under symlink []
[2016-02-23 09:08:59.718][info ][command:8405fff6-1d1c-4682-b9f1-ab58b73088c4][tid:419][com.facebook.buck.event.listener.LoggingBuildListener] Build started at 2016-02-23 09:08:59.718
[2016-02-23 09:08:59.720][debug][command:8405fff6-1d1c-4682-b9f1-ab58b73088c4][tid:406][com.facebook.buck.parser.PerBuildState] Cleaning cache of build files with inputs under symlink []
[2016-02-23 09:08:59.720][debug][command:8405fff6-1d1c-4682-b9f1-ab58b73088c4][tid:419][com.facebook.buck.event.listener.LoggingBuildListener] ParseStarted(//:app)
[2016-02-23 09:08:59.724][debug][command:8405fff6-1d1c-4682-b9f1-ab58b73088c4][tid:406][com.facebook.buck.parser.PerBuildState] Cleaning cache of build files with inputs under symlink []
[2016-02-23 09:08:59.728][debug][command:8405fff6-1d1c-4682-b9f1-ab58b73088c4][tid:419][com.facebook.buck.event.listener.LoggingBuildListener] ParseFinished(//:app)
[2016-02-23 09:08:59.728][debug][command:8405fff6-1d1c-4682-b9f1-ab58b73088c4][tid:419][com.facebook.buck.event.listener.LoggingBuildListener] ParsingProgressUpdated(progress=1.0)
[2016-02-23 09:08:59.728][debug][command:8405fff6-1d1c-4682-b9f1-ab58b73088c4][tid:419][com.facebook.buck.event.listener.LoggingBuildListener] BuildActionGraphStarted()
[2016-02-23 09:08:59.728][debug][command:8405fff6-1d1c-4682-b9f1-ab58b73088c4][tid:419][com.facebook.buck.event.listener.LoggingBuildListener] BuildActionGraphProcessed(1 of 4)
[2016-02-23 09:08:59.729][debug][command:8405fff6-1d1c-4682-b9f1-ab58b73088c4][tid:419][com.facebook.buck.event.listener.LoggingBuildListener] BuildActionGraphProcessed(2 of 4)
[2016-02-23 09:08:59.730][debug][command:8405fff6-1d1c-4682-b9f1-ab58b73088c4][tid:419][com.facebook.buck.event.listener.LoggingBuildListener] BuildActionGraphProcessed(3 of 4)
[2016-02-23 09:08:59.731][debug][command:8405fff6-1d1c-4682-b9f1-ab58b73088c4][tid:419][com.facebook.buck.event.listener.LoggingBuildListener] BuildActionGraphProcessed(4 of 4)
[2016-02-23 09:08:59.732][debug][command:8405fff6-1d1c-4682-b9f1-ab58b73088c4][tid:419][com.facebook.buck.event.listener.LoggingBuildListener] BuildActionGraphFinished()
[2016-02-23 09:08:59.738][debug][command:8405fff6-1d1c-4682-b9f1-ab58b73088c4][tid:419][com.facebook.buck.event.listener.LoggingBuildListener] RuleCountCalculated(//:app)
[2016-02-23 09:08:59.739][debug][command:8405fff6-1d1c-4682-b9f1-ab58b73088c4][tid:419][com.facebook.buck.event.listener.LoggingBuildListener] BuildProgressUpdated(progress=0.0)
[2016-02-23 09:08:59.740][debug][command:8405fff6-1d1c-4682-b9f1-ab58b73088c4][tid:419][com.facebook.buck.event.listener.LoggingBuildListener] BuildProgressUpdated(progress=0.01)
[2016-02-23 09:08:59.744][debug][command:8405fff6-1d1c-4682-b9f1-ab58b73088c4][tid:419][com.facebook.buck.event.listener.LoggingBuildListener] BuildProgressUpdated(progress=0.02)
[2016-02-23 09:08:59.750][debug][command:8405fff6-1d1c-4682-b9f1-ab58b73088c4][tid:419][com.facebook.buck.event.listener.LoggingBuildListener] BuildProgressUpdated(progress=0.03)
[2016-02-23 09:08:59.751][debug][command:8405fff6-1d1c-4682-b9f1-ab58b73088c4][tid:419][com.facebook.buck.event.listener.LoggingBuildListener] BuildProgressUpdated(progress=0.04)
[2016-02-23 09:08:59.751][debug][command:8405fff6-1d1c-4682-b9f1-ab58b73088c4][tid:419][com.facebook.buck.event.listener.LoggingBuildListener] BuildProgressUpdated(progress=0.05)
[2016-02-23 09:08:59.751][debug][command:8405fff6-1d1c-4682-b9f1-ab58b73088c4][tid:419][com.facebook.buck.event.listener.LoggingBuildListener] BuildProgressUpdated(progress=0.06)
[2016-02-23 09:08:59.751][debug][command:8405fff6-1d1c-4682-b9f1-ab58b73088c4][tid:419][com.facebook.buck.event.listener.LoggingBuildListener] BuildProgressUpdated(progress=0.07)
[2016-02-23 09:08:59.755][debug][command:8405fff6-1d1c-4682-b9f1-ab58b73088c4][tid:419][com.facebook.buck.event.listener.LoggingBuildListener] BuildProgressUpdated(progress=0.08)
[2016-02-23 09:08:59.756][debug][command:8405fff6-1d1c-4682-b9f1-ab58b73088c4][tid:419][com.facebook.buck.event.listener.LoggingBuildListener] BuildProgressUpdated(progress=0.09)
[2016-02-23 09:08:59.756][debug][command:8405fff6-1d1c-4682-b9f1-ab58b73088c4][tid:419][com.facebook.buck.event.listener.LoggingBuildListener] BuildProgressUpdated(progress=0.1)
[2016-02-23 09:08:59.756][debug][command:8405fff6-1d1c-4682-b9f1-ab58b73088c4][tid:419][com.facebook.buck.event.listener.LoggingBuildListener] BuildProgressUpdated(progress=0.11)
[2016-02-23 09:08:59.757][debug][command:8405fff6-1d1c-4682-b9f1-ab58b73088c4][tid:419][com.facebook.buck.event.listener.LoggingBuildListener] BuildProgressUpdated(progress=0.12)
[2016-02-23 09:08:59.757][debug][command:8405fff6-1d1c-4682-b9f1-ab58b73088c4][tid:419][com.facebook.buck.event.listener.LoggingBuildListener] BuildProgressUpdated(progress=0.13)
[2016-02-23 09:08:59.758][debug][command:8405fff6-1d1c-4682-b9f1-ab58b73088c4][tid:419][com.facebook.buck.event.listener.LoggingBuildListener] BuildProgressUpdated(progress=0.14)
[2016-02-23 09:08:59.759][info ][command:8405fff6-1d1c-4682-b9f1-ab58b73088c4][tid:419][com.facebook.buck.event.listener.LoggingBuildListener] Build finished at 2016-02-23 09:08:59.759
[2016-02-23 09:08:59.759][debug][command:8405fff6-1d1c-4682-b9f1-ab58b73088c4][tid:419][com.facebook.buck.event.listener.LoggingBuildListener] BuildProgressUpdated(progress=1.0)
[2016-02-23 09:08:59.760][debug][command:8405fff6-1d1c-4682-b9f1-ab58b73088c4][tid:419][com.facebook.buck.event.listener.LoggingBuildListener] InstallStarted(//:app)
[2016-02-23 09:08:59.762][debug][command:8405fff6-1d1c-4682-b9f1-ab58b73088c4][tid:419][com.facebook.buck.event.listener.LoggingBuildListener] set_up_adb_call()
[2016-02-23 09:08:59.763][warn ][command:8405fff6-1d1c-4682-b9f1-ab58b73088c4][tid:406][com.facebook.buck.util.Console] Build failure: 2 device(s) matches specified device filter (1 expected).
Either disconnect other devices or enable multi-install mode (-x).
[2016-02-23 09:08:59.765][debug][command:8405fff6-1d1c-4682-b9f1-ab58b73088c4][tid:419][com.facebook.buck.event.listener.LoggingBuildListener] set_up_adb_call()
[2016-02-23 09:08:59.765][info ][command:8405fff6-1d1c-4682-b9f1-ab58b73088c4][tid:406][com.facebook.buck.cli.Main] Awaiting termination of HTTP Write executor service. Waiting for all jobs to complete, or up to maximum of 1800 seconds...
[2016-02-23 09:08:59.765][debug][command:8405fff6-1d1c-4682-b9f1-ab58b73088c4][tid:419][com.facebook.buck.event.listener.LoggingBuildListener] InstallFinished(//:app)
[2016-02-23 09:08:59.766][debug][command:8405fff6-1d1c-4682-b9f1-ab58b73088c4][tid:419][com.facebook.buck.event.listener.LoggingBuildListener] HttpArtifactCacheEvent.Shutdown(HttpArtifactCacheEvent.ShutdownEventKey{value=715})
[2016-02-23 09:08:59.766][debug][command:8405fff6-1d1c-4682-b9f1-ab58b73088c4][tid:419][com.facebook.buck.event.listener.LoggingBuildListener] CommandFinished(install, isDaemon: false)
[2016-02-23 09:08:59.766][debug][command:8405fff6-1d1c-4682-b9f1-ab58b73088c4][tid:406][com.facebook.buck.event.listener.SuperConsoleEventBusListener] Stopping render scheduler
[2016-02-23 09:08:59.767][debug][command:8405fff6-1d1c-4682-b9f1-ab58b73088c4][tid:406][com.facebook.buck.event.listener.SuperConsoleEventBusListener] Stopping console output (stdout dirty false, stderr dirty true).
[2016-02-23 09:08:59.768][debug][command:8405fff6-1d1c-4682-b9f1-ab58b73088c4][tid:406][com.facebook.buck.event.listener.SuperConsoleEventBusListener] Stopping render scheduler
[2016-02-23 09:08:59.771][info ][command:8405fff6-1d1c-4682-b9f1-ab58b73088c4][tid:406][com.facebook.buck.cli.Main] Awaiting termination of CPU executor service. Waiting for all jobs to complete, or up to maximum of 60 seconds...
[2016-02-23 09:08:59.772][warn ][command:null][tid:407][com.martiansoftware.nailgun.NGInputStream] Nailgun client read future was interrupted
java.lang.InterruptedException
	at java.util.concurrent.FutureTask.awaitDone(FutureTask.java:404)
	at java.util.concurrent.FutureTask.get(FutureTask.java:204)
	at com.martiansoftware.nailgun.NGInputStream$1.run(NGInputStream.java:91)
	at java.util.concurrent.Executors$RunnableAdapter.call(Executors.java:511)
	at java.util.concurrent.FutureTask.run(FutureTask.java:266)
	at java.util.concurrent.ThreadPoolExecutor.runWorker(ThreadPoolExecutor.java:1142)
	at java.util.concurrent.ThreadPoolExecutor$Worker.run(ThreadPoolExecutor.java:617)
	at java.lang.Thread.run(Thread.java:745)

[2016-02-23 09:08:59.773][debug][command:null][tid:407][com.martiansoftware.nailgun.NGInputStream] Nailgun client read shutting down
[2016-02-23 09:08:59.772][info ][command:8405fff6-1d1c-4682-b9f1-ab58b73088c4][tid:406][com.facebook.buck.cli.Main] Awaiting termination of Disk IO executor service. Waiting for all jobs to complete, or up to maximum of 10 seconds...
[2016-02-23 09:08:59.774][debug][command:8405fff6-1d1c-4682-b9f1-ab58b73088c4][tid:406][com.facebook.buck.event.listener.ChromeTraceBuildListener] Writing Chrome trace to buck-out/log/traces/build.2016-02-23.09-08-59.8405fff6-1d1c-4682-b9f1-ab58b73088c4.trace
[2016-02-23 09:08:59.909][debug][command:8405fff6-1d1c-4682-b9f1-ab58b73088c4][tid:406][com.facebook.buck.cli.Main] Done.
[2016-02-23 09:08:59.910][info ][command:null][tid:406][com.martiansoftware.nailgun.NGSession] Server cleanly exited with status 1
com.martiansoftware.nailgun.NGExitException: ExitException: status 1
	at com.martiansoftware.nailgun.NGSecurityManager.checkExit(NGSecurityManager.java:56)
	at java.lang.Runtime.exit(Runtime.java:107)
	at java.lang.System.exit(System.java:968)
	at com.facebook.buck.cli.Main.runMainThenExit(Main.java:1498)
	at com.facebook.buck.cli.Main.nailMain(Main.java:1514)
	at sun.reflect.NativeMethodAccessorImpl.invoke0(Native Method)
	at sun.reflect.NativeMethodAccessorImpl.invoke(NativeMethodAccessorImpl.java:62)
	at sun.reflect.DelegatingMethodAccessorImpl.invoke(DelegatingMethodAccessorImpl.java:43)
	at java.lang.reflect.Method.invoke(Method.java:483)
	at com.martiansoftware.nailgun.NGSession.run(NGSession.java:338)

[2016-02-23 09:08:59.911][debug][command:null][tid:406][com.martiansoftware.nailgun.NGSession] Tearing down client socket
[2016-02-23 09:08:59.911][debug][command:null][tid:406][com.martiansoftware.nailgun.NGSession] Flushing client socket
[2016-02-23 09:08:59.911][debug][command:null][tid:406][com.martiansoftware.nailgun.NGSession] Error shutting down socket I/O (this is expected if the client disconnected already)
java.io.IOException: com.sun.jna.LastErrorException: [57] Socket is not connected
	at com.martiansoftware.nailgun.NGUnixDomainSocket.doShutdown(NGUnixDomainSocket.java:74)
	at com.martiansoftware.nailgun.NGUnixDomainSocket.shutdownInput(NGUnixDomainSocket.java:60)
	at com.martiansoftware.nailgun.NGSession.run(NGSession.java:384)
Caused by: com.sun.jna.LastErrorException: [57] Socket is not connected
	at com.martiansoftware.nailgun.NGUnixDomainSocketLibrary.shutdown(Native Method)
	at com.martiansoftware.nailgun.NGUnixDomainSocket.doShutdown(NGUnixDomainSocket.java:71)
	... 2 more

[2016-02-23 09:08:59.911][debug][command:null][tid:406][com.martiansoftware.nailgun.NGSession] Closing client socket
[2016-02-23 09:08:59.912][debug][command:null][tid:406][com.martiansoftware.nailgun.NGSession] Finished tearing down client socket
[2016-02-23 09:08:59.912][debug][command:null][tid:406][com.martiansoftware.nailgun.NGSession] Waiting for next client to connect
[2016-02-23 09:08:59.912][info ][command:null][tid:406][com.martiansoftware.nailgun.NGSession] NGSession shutting down
[2016-02-23 09:09:11.989][debug][command:null][tid:409][com.martiansoftware.nailgun.NGSession] Client connected
[2016-02-23 09:09:11.991][debug][command:null][tid:428][com.martiansoftware.nailgun.NGSession] Waiting for first client to connect
[2016-02-23 09:09:11.991][debug][command:null][tid:409][com.martiansoftware.nailgun.NGSession] Tearing down client socket
[2016-02-23 09:09:11.991][debug][command:null][tid:409][com.martiansoftware.nailgun.NGSession] Flushing client socket
[2016-02-23 09:09:11.992][warn ][command:null][tid:429][com.martiansoftware.nailgun.NGInputStream] Nailgun client read future was interrupted
java.lang.InterruptedException
	at java.util.concurrent.FutureTask.awaitDone(FutureTask.java:404)
	at java.util.concurrent.FutureTask.get(FutureTask.java:204)
	at com.martiansoftware.nailgun.NGInputStream$1.run(NGInputStream.java:91)
	at java.util.concurrent.Executors$RunnableAdapter.call(Executors.java:511)
	at java.util.concurrent.FutureTask.run(FutureTask.java:266)
	at java.util.concurrent.ThreadPoolExecutor.runWorker(ThreadPoolExecutor.java:1142)
	at java.util.concurrent.ThreadPoolExecutor$Worker.run(ThreadPoolExecutor.java:617)
	at java.lang.Thread.run(Thread.java:745)

[2016-02-23 09:09:11.992][debug][command:null][tid:429][com.martiansoftware.nailgun.NGInputStream] Nailgun client read shutting down
[2016-02-23 09:09:11.992][debug][command:null][tid:409][com.martiansoftware.nailgun.NGSession] Error shutting down socket I/O (this is expected if the client disconnected already)
java.io.IOException: com.sun.jna.LastErrorException: [57] Socket is not connected
	at com.martiansoftware.nailgun.NGUnixDomainSocket.doShutdown(NGUnixDomainSocket.java:74)
	at com.martiansoftware.nailgun.NGUnixDomainSocket.shutdownInput(NGUnixDomainSocket.java:60)
	at com.martiansoftware.nailgun.NGSession.run(NGSession.java:384)
Caused by: com.sun.jna.LastErrorException: [57] Socket is not connected
	at com.martiansoftware.nailgun.NGUnixDomainSocketLibrary.shutdown(Native Method)
	at com.martiansoftware.nailgun.NGUnixDomainSocket.doShutdown(NGUnixDomainSocket.java:71)
	... 2 more

[2016-02-23 09:09:11.993][debug][command:null][tid:428][com.martiansoftware.nailgun.NGSession] Client connected
[2016-02-23 09:09:11.993][debug][command:null][tid:409][com.martiansoftware.nailgun.NGSession] Closing client socket
[2016-02-23 09:09:11.993][debug][command:null][tid:409][com.martiansoftware.nailgun.NGSession] Finished tearing down client socket
[2016-02-23 09:09:11.993][debug][command:null][tid:409][com.martiansoftware.nailgun.NGSession] Waiting for next client to connect
[2016-02-23 09:09:11.993][info ][command:null][tid:409][com.martiansoftware.nailgun.NGSession] NGSession shutting down
[2016-02-23 09:09:11.994][debug][command:null][tid:428][com.martiansoftware.nailgun.NGSession] Tearing down client socket
[2016-02-23 09:09:11.995][debug][command:null][tid:428][com.martiansoftware.nailgun.NGSession] Flushing client socket
[2016-02-23 09:09:11.995][debug][command:null][tid:428][com.martiansoftware.nailgun.NGSession] Error shutting down socket I/O (this is expected if the client disconnected already)
java.io.IOException: com.sun.jna.LastErrorException: [57] Socket is not connected
	at com.martiansoftware.nailgun.NGUnixDomainSocket.doShutdown(NGUnixDomainSocket.java:74)
	at com.martiansoftware.nailgun.NGUnixDomainSocket.shutdownInput(NGUnixDomainSocket.java:60)
	at com.martiansoftware.nailgun.NGSession.run(NGSession.java:384)
Caused by: com.sun.jna.LastErrorException: [57] Socket is not connected
	at com.martiansoftware.nailgun.NGUnixDomainSocketLibrary.shutdown(Native Method)
	at com.martiansoftware.nailgun.NGUnixDomainSocket.doShutdown(NGUnixDomainSocket.java:71)
	... 2 more

[2016-02-23 09:09:11.996][debug][command:null][tid:428][com.martiansoftware.nailgun.NGSession] Closing client socket
[2016-02-23 09:09:11.996][warn ][command:null][tid:431][com.martiansoftware.nailgun.NGInputStream] Nailgun client read future was interrupted
java.lang.InterruptedException
	at java.util.concurrent.FutureTask.awaitDone(FutureTask.java:404)
	at java.util.concurrent.FutureTask.get(FutureTask.java:204)
	at com.martiansoftware.nailgun.NGInputStream$1.run(NGInputStream.java:91)
	at java.util.concurrent.Executors$RunnableAdapter.call(Executors.java:511)
	at java.util.concurrent.FutureTask.run(FutureTask.java:266)
	at java.util.concurrent.ThreadPoolExecutor.runWorker(ThreadPoolExecutor.java:1142)
	at java.util.concurrent.ThreadPoolExecutor$Worker.run(ThreadPoolExecutor.java:617)
	at java.lang.Thread.run(Thread.java:745)

[2016-02-23 09:09:11.997][debug][command:null][tid:431][com.martiansoftware.nailgun.NGInputStream] Nailgun client read shutting down
[2016-02-23 09:09:11.997][debug][command:null][tid:434][com.martiansoftware.nailgun.NGSession] Waiting for first client to connect
[2016-02-23 09:09:11.996][debug][command:null][tid:428][com.martiansoftware.nailgun.NGSession] Finished tearing down client socket
[2016-02-23 09:09:11.996][debug][command:null][tid:433][com.martiansoftware.nailgun.NGSession] Waiting for first client to connect
[2016-02-23 09:09:11.997][debug][command:null][tid:433][com.martiansoftware.nailgun.NGSession] Client connected
[2016-02-23 09:09:11.997][debug][command:null][tid:428][com.martiansoftware.nailgun.NGSession] Waiting for next client to connect
[2016-02-23 09:09:11.997][info ][command:null][tid:428][com.martiansoftware.nailgun.NGSession] NGSession shutting down
[2016-02-23 09:09:12.000][debug][command:4ed98e35-447d-4946-b3d4-da1f03b68081][tid:433][com.facebook.buck.cli.Main] Rotating log.
